2021-06-22T08:25:00+00:00 CRITICAL Uncaught Error: Unknown named parameter $tasks_meta_id in C:\xampp\htdocs\wordpress\wp-includes\class-wp-hook.php:292
Stack trace:
#0 C:\xampp\htdocs\wordpress\wp-includes\class-wp-hook.php(316): WP_Hook->apply_filters('', Array)
#1 C:\xampp\htdocs\wordpress\wp-includes\plugin.php(551): WP_Hook->do_action(Array)
#2 C:\xampp\htdocs\wordpress\wp-content\plugins\woocommerce\packages\action-scheduler\classes\actions\ActionScheduler_Action.php(22): do_action_ref_array('wpforms_email_s...', Array)
#3 C:\xampp\htdocs\wordpress\wp-content\plugins\woocommerce\packages\action-scheduler\classes\abstracts\ActionScheduler_Abstract_QueueRunner.php(65): ActionScheduler_Action->execute()
#4 C:\xampp\htdocs\wordpress\wp-content\plugins\woocommerce\packages\action-scheduler\classes\ActionScheduler_QueueRunner.php(162): ActionScheduler_Abstract_QueueRunner->process_action(341, 'WP Cron')
#5 C:\xampp\htdocs\wordpress\wp-content\plugins\woocommerce\packages\action-scheduler\classes\ActionScheduler_QueueRunner.php(132): ActionScheduler_QueueRunner->do_batch(25, 'WP Cron')
#6 C:\xampp\htdocs\wordpress\wp-includes\class-wp-hook.php(292): ActionScheduler_QueueRunner->run('WP Cron')
#7 C:\xampp\htdocs\wordpress\wp-includes\class-wp-hook.php(316): WP_Hook->apply_filters('', Array)
#8 C:\xampp\htdocs\wordpress\wp-includes\plugin.php(551): WP_Hook->do_action(Array)
#9 C:\xampp\htdocs\wordpress\wp-cron.php(138): do_action_ref_array('action_schedule...', Array)
#10 {main}
  thrown in C:\xampp\htdocs\wordpress\wp-includes\class-wp-hook.php on line 292

2021-06-22T08:33:51+00:00 CRITICAL Uncaught Error: Unknown named parameter $tasks_meta_id in C:\xampp\htdocs\wordpress\wp-includes\class-wp-hook.php:292
Stack trace:
#0 C:\xampp\htdocs\wordpress\wp-includes\class-wp-hook.php(316): WP_Hook->apply_filters('', Array)
#1 C:\xampp\htdocs\wordpress\wp-includes\plugin.php(551): WP_Hook->do_action(Array)
#2 C:\xampp\htdocs\wordpress\wp-content\plugins\woocommerce\packages\action-scheduler\classes\actions\ActionScheduler_Action.php(22): do_action_ref_array('wpforms_process...', Array)
#3 C:\xampp\htdocs\wordpress\wp-content\plugins\woocommerce\packages\action-scheduler\classes\abstracts\ActionScheduler_Abstract_QueueRunner.php(65): ActionScheduler_Action->execute()
#4 C:\xampp\htdocs\wordpress\wp-content\plugins\woocommerce\packages\action-scheduler\classes\ActionScheduler_QueueRunner.php(162): ActionScheduler_Abstract_QueueRunner->process_action(342, 'WP Cron')
#5 C:\xampp\htdocs\wordpress\wp-content\plugins\woocommerce\packages\action-scheduler\classes\ActionScheduler_QueueRunner.php(132): ActionScheduler_QueueRunner->do_batch(25, 'WP Cron')
#6 C:\xampp\htdocs\wordpress\wp-includes\class-wp-hook.php(292): ActionScheduler_QueueRunner->run('WP Cron')
#7 C:\xampp\htdocs\wordpress\wp-includes\class-wp-hook.php(316): WP_Hook->apply_filters('', Array)
#8 C:\xampp\htdocs\wordpress\wp-includes\plugin.php(551): WP_Hook->do_action(Array)
#9 C:\xampp\htdocs\wordpress\wp-cron.php(138): do_action_ref_array('action_schedule...', Array)
#10 {main}
  thrown in C:\xampp\htdocs\wordpress\wp-includes\class-wp-hook.php on line 292

2021-06-22T08:35:38+00:00 CRITICAL Uncaught TypeError: Elementor\Elements_Manager::create_element_instance(): Argument #1 ($element_data) must be of type array, string given, called in C:\xampp\htdocs\wordpress\wp-content\plugins\elementor\core\base\document.php on line 811 and defined in C:\xampp\htdocs\wordpress\wp-content\plugins\elementor\includes\managers\elements.php:68
Stack trace:
#0 C:\xampp\htdocs\wordpress\wp-content\plugins\elementor\core\base\document.php(811): Elementor\Elements_Manager->create_element_instance('Array')
#1 C:\xampp\htdocs\wordpress\wp-content\plugins\astra-sites\inc\importers\batch-processing\class-astra-sites-batch-processing-elementor.php(121): Elementor\Core\Base\Document->get_elements_raw_data(Array, true)
#2 C:\xampp\htdocs\wordpress\wp-content\plugins\astra-sites\inc\importers\batch-processing\class-astra-sites-batch-processing-elementor.php(66): Elementor\TemplateLibrary\Astra_Sites_Batch_Processing_Elementor->import_single_post(4334)
#3 C:\xampp\htdocs\wordpress\wp-content\plugins\astra-sites\inc\importers\batch-processing\helpers\class-wp-background-process-astra.php(41): Elementor\TemplateLibrary\Astra_Sites_Batch_Processing_Elementor->import()
#4 C:\xampp\htdocs\wordpress\wp-content\plugins\woocommerce\includes\libraries\wp-background-process.php(301): WP_Background_Process_Astra->task(Object(Elementor\TemplateLibrary\Astra_Sites_Batch_Processing_Elementor))
#5 C:\xampp\htdocs\wordpress\wp-content\plugins\woocommerce\includes\libraries\wp-background-process.php(447): WP_Background_Process->handle()
#6 C:\xampp\htdocs\wordpress\wp-includes\class-wp-hook.php(292): WP_Background_Process->handle_cron_healthcheck()
#7 C:\xampp\htdocs\wordpress\wp-includes\class-wp-hook.php(316): WP_Hook->apply_filters('', Array)
#8 C:\xampp\htdocs\wordpress\wp-includes\plugin.php(551): WP_Hook->do_action(Array)
#9 C:\xampp\htdocs\wordpress\wp-cron.php(138): do_action_ref_array('wp_image_proces...', Array)
#10 {main}
  thrown in C:\xampp\htdocs\wordpress\wp-content\plugins\elementor\includes\managers\elements.php on line 68

2021-06-22T09:04:14+00:00 CRITICAL Uncaught Error: Unknown named parameter $tasks_meta_id in C:\xampp\htdocs\wordpress\wp-includes\class-wp-hook.php:292
Stack trace:
#0 C:\xampp\htdocs\wordpress\wp-includes\class-wp-hook.php(316): WP_Hook->apply_filters('', Array)
#1 C:\xampp\htdocs\wordpress\wp-includes\plugin.php(551): WP_Hook->do_action(Array)
#2 C:\xampp\htdocs\wordpress\wp-content\plugins\woocommerce\packages\action-scheduler\classes\actions\ActionScheduler_Action.php(22): do_action_ref_array('wpforms_email_s...', Array)
#3 C:\xampp\htdocs\wordpress\wp-content\plugins\woocommerce\packages\action-scheduler\classes\abstracts\ActionScheduler_Abstract_QueueRunner.php(65): ActionScheduler_Action->execute()
#4 C:\xampp\htdocs\wordpress\wp-content\plugins\woocommerce\packages\action-scheduler\classes\ActionScheduler_QueueRunner.php(162): ActionScheduler_Abstract_QueueRunner->process_action(400, 'WP Cron')
#5 C:\xampp\htdocs\wordpress\wp-content\plugins\woocommerce\packages\action-scheduler\classes\ActionScheduler_QueueRunner.php(132): ActionScheduler_QueueRunner->do_batch(25, 'WP Cron')
#6 C:\xampp\htdocs\wordpress\wp-includes\class-wp-hook.php(292): ActionScheduler_QueueRunner->run('WP Cron')
#7 C:\xampp\htdocs\wordpress\wp-includes\class-wp-hook.php(316): WP_Hook->apply_filters('', Array)
#8 C:\xampp\htdocs\wordpress\wp-includes\plugin.php(551): WP_Hook->do_action(Array)
#9 C:\xampp\htdocs\wordpress\wp-cron.php(138): do_action_ref_array('action_schedule...', Array)
#10 {main}
  thrown in C:\xampp\htdocs\wordpress\wp-includes\class-wp-hook.php on line 292

2021-06-22T09:04:16+00:00 CRITICAL Uncaught Error: Unknown named parameter $tasks_meta_id in C:\xampp\htdocs\wordpress\wp-includes\class-wp-hook.php:292
Stack trace:
#0 C:\xampp\htdocs\wordpress\wp-includes\class-wp-hook.php(316): WP_Hook->apply_filters('', Array)
#1 C:\xampp\htdocs\wordpress\wp-includes\plugin.php(551): WP_Hook->do_action(Array)
#2 C:\xampp\htdocs\wordpress\wp-content\plugins\woocommerce\packages\action-scheduler\classes\actions\ActionScheduler_Action.php(22): do_action_ref_array('wpforms_admin_n...', Array)
#3 C:\xampp\htdocs\wordpress\wp-content\plugins\woocommerce\packages\action-scheduler\classes\abstracts\ActionScheduler_Abstract_QueueRunner.php(65): ActionScheduler_Action->execute()
#4 C:\xampp\htdocs\wordpress\wp-content\plugins\woocommerce\packages\action-scheduler\classes\ActionScheduler_QueueRunner.php(162): ActionScheduler_Abstract_QueueRunner->process_action(403, 'Async Request')
#5 C:\xampp\htdocs\wordpress\wp-content\plugins\woocommerce\packages\action-scheduler\classes\ActionScheduler_QueueRunner.php(132): ActionScheduler_QueueRunner->do_batch(25, 'Async Request')
#6 C:\xampp\htdocs\wordpress\wp-includes\class-wp-hook.php(292): ActionScheduler_QueueRunner->run('Async Request')
#7 C:\xampp\htdocs\wordpress\wp-includes\class-wp-hook.php(316): WP_Hook->apply_filters('', Array)
#8 C:\xampp\htdocs\wordpress\wp-includes\plugin.php(484): WP_Hook->do_action(Array)
#9 C:\xampp\htdocs\wordpress\wp-content\plugins\woocommerce\packages\action-scheduler\classes\ActionScheduler_AsyncRequest_QueueRunner.php(52): do_action('action_schedule...', 'Async Request')
#10 C:\xampp\htdocs\wordpress\wp-content\plugins\woocommerce\includes\libraries\wp-async-request.php(147): ActionScheduler_AsyncRequest_QueueRunner->handle()
#11 C:\xampp\htdocs\wordpress\wp-includes\class-wp-hook.php(292): WP_Async_Request->maybe_handle('')
#12 C:\xampp\htdocs\wordpress\wp-includes\class-wp-hook.php(316): WP_Hook->apply_filters('', Array)
#13 C:\xampp\htdocs\wordpress\wp-includes\plugin.php(484): WP_Hook->do_action(Array)
#14 C:\xampp\htdocs\wordpress\wp-admin\admin-ajax.php(187): do_action('wp_ajax_as_asyn...')
#15 {main}
  thrown in C:\xampp\htdocs\wordpress\wp-includes\class-wp-hook.php on line 292

2021-06-22T09:06:18+00:00 CRITICAL Uncaught TypeError: Elementor\Elements_Manager::create_element_instance(): Argument #1 ($element_data) must be of type array, string given, called in C:\xampp\htdocs\wordpress\wp-content\plugins\elementor\core\base\document.php on line 811 and defined in C:\xampp\htdocs\wordpress\wp-content\plugins\elementor\includes\managers\elements.php:68
Stack trace:
#0 C:\xampp\htdocs\wordpress\wp-content\plugins\elementor\core\base\document.php(811): Elementor\Elements_Manager->create_element_instance('Array')
#1 C:\xampp\htdocs\wordpress\wp-content\plugins\astra-sites\inc\importers\batch-processing\class-astra-sites-batch-processing-elementor.php(121): Elementor\Core\Base\Document->get_elements_raw_data(Array, true)
#2 C:\xampp\htdocs\wordpress\wp-content\plugins\astra-sites\inc\importers\batch-processing\class-astra-sites-batch-processing-elementor.php(66): Elementor\TemplateLibrary\Astra_Sites_Batch_Processing_Elementor->import_single_post(4334)
#3 C:\xampp\htdocs\wordpress\wp-content\plugins\astra-sites\inc\importers\batch-processing\helpers\class-wp-background-process-astra.php(41): Elementor\TemplateLibrary\Astra_Sites_Batch_Processing_Elementor->import()
#4 C:\xampp\htdocs\wordpress\wp-content\plugins\woocommerce\includes\libraries\wp-background-process.php(301): WP_Background_Process_Astra->task(Object(Elementor\TemplateLibrary\Astra_Sites_Batch_Processing_Elementor))
#5 C:\xampp\htdocs\wordpress\wp-content\plugins\woocommerce\includes\libraries\wp-background-process.php(447): WP_Background_Process->handle()
#6 C:\xampp\htdocs\wordpress\wp-includes\class-wp-hook.php(292): WP_Background_Process->handle_cron_healthcheck()
#7 C:\xampp\htdocs\wordpress\wp-includes\class-wp-hook.php(316): WP_Hook->apply_filters('', Array)
#8 C:\xampp\htdocs\wordpress\wp-includes\plugin.php(551): WP_Hook->do_action(Array)
#9 C:\xampp\htdocs\wordpress\wp-cron.php(138): do_action_ref_array('wp_image_proces...', Array)
#10 {main}
  thrown in C:\xampp\htdocs\wordpress\wp-content\plugins\elementor\includes\managers\elements.php on line 68

2021-06-22T09:12:21+00:00 CRITICAL Uncaught TypeError: Elementor\Elements_Manager::create_element_instance(): Argument #1 ($element_data) must be of type array, string given, called in C:\xampp\htdocs\wordpress\wp-content\plugins\elementor\core\base\document.php on line 811 and defined in C:\xampp\htdocs\wordpress\wp-content\plugins\elementor\includes\managers\elements.php:68
Stack trace:
#0 C:\xampp\htdocs\wordpress\wp-content\plugins\elementor\core\base\document.php(811): Elementor\Elements_Manager->create_element_instance('Array')
#1 C:\xampp\htdocs\wordpress\wp-content\plugins\astra-sites\inc\importers\batch-processing\class-astra-sites-batch-processing-elementor.php(121): Elementor\Core\Base\Document->get_elements_raw_data(Array, true)
#2 C:\xampp\htdocs\wordpress\wp-content\plugins\astra-sites\inc\importers\batch-processing\class-astra-sites-batch-processing-elementor.php(66): Elementor\TemplateLibrary\Astra_Sites_Batch_Processing_Elementor->import_single_post(4334)
#3 C:\xampp\htdocs\wordpress\wp-content\plugins\astra-sites\inc\importers\batch-processing\helpers\class-wp-background-process-astra.php(41): Elementor\TemplateLibrary\Astra_Sites_Batch_Processing_Elementor->import()
#4 C:\xampp\htdocs\wordpress\wp-content\plugins\woocommerce\includes\libraries\wp-background-process.php(301): WP_Background_Process_Astra->task(Object(Elementor\TemplateLibrary\Astra_Sites_Batch_Processing_Elementor))
#5 C:\xampp\htdocs\wordpress\wp-content\plugins\woocommerce\includes\libraries\wp-background-process.php(447): WP_Background_Process->handle()
#6 C:\xampp\htdocs\wordpress\wp-includes\class-wp-hook.php(292): WP_Background_Process->handle_cron_healthcheck()
#7 C:\xampp\htdocs\wordpress\wp-includes\class-wp-hook.php(316): WP_Hook->apply_filters('', Array)
#8 C:\xampp\htdocs\wordpress\wp-includes\plugin.php(551): WP_Hook->do_action(Array)
#9 C:\xampp\htdocs\wordpress\wp-cron.php(138): do_action_ref_array('wp_image_proces...', Array)
#10 {main}
  thrown in C:\xampp\htdocs\wordpress\wp-content\plugins\elementor\includes\managers\elements.php on line 68

2021-06-22T09:16:23+00:00 CRITICAL Uncaught TypeError: Elementor\Elements_Manager::create_element_instance(): Argument #1 ($element_data) must be of type array, string given, called in C:\xampp\htdocs\wordpress\wp-content\plugins\elementor\core\base\document.php on line 811 and defined in C:\xampp\htdocs\wordpress\wp-content\plugins\elementor\includes\managers\elements.php:68
Stack trace:
#0 C:\xampp\htdocs\wordpress\wp-content\plugins\elementor\core\base\document.php(811): Elementor\Elements_Manager->create_element_instance('Array')
#1 C:\xampp\htdocs\wordpress\wp-content\plugins\astra-sites\inc\importers\batch-processing\class-astra-sites-batch-processing-elementor.php(121): Elementor\Core\Base\Document->get_elements_raw_data(Array, true)
#2 C:\xampp\htdocs\wordpress\wp-content\plugins\astra-sites\inc\importers\batch-processing\class-astra-sites-batch-processing-elementor.php(66): Elementor\TemplateLibrary\Astra_Sites_Batch_Processing_Elementor->import_single_post(4334)
#3 C:\xampp\htdocs\wordpress\wp-content\plugins\astra-sites\inc\importers\batch-processing\helpers\class-wp-background-process-astra.php(41): Elementor\TemplateLibrary\Astra_Sites_Batch_Processing_Elementor->import()
#4 C:\xampp\htdocs\wordpress\wp-content\plugins\woocommerce\includes\libraries\wp-background-process.php(301): WP_Background_Process_Astra->task(Object(Elementor\TemplateLibrary\Astra_Sites_Batch_Processing_Elementor))
#5 C:\xampp\htdocs\wordpress\wp-content\plugins\woocommerce\includes\libraries\wp-background-process.php(447): WP_Background_Process->handle()
#6 C:\xampp\htdocs\wordpress\wp-includes\class-wp-hook.php(292): WP_Background_Process->handle_cron_healthcheck()
#7 C:\xampp\htdocs\wordpress\wp-includes\class-wp-hook.php(316): WP_Hook->apply_filters('', Array)
#8 C:\xampp\htdocs\wordpress\wp-includes\plugin.php(551): WP_Hook->do_action(Array)
#9 C:\xampp\htdocs\wordpress\wp-cron.php(138): do_action_ref_array('wp_image_proces...', Array)
#10 {main}
  thrown in C:\xampp\htdocs\wordpress\wp-content\plugins\elementor\includes\managers\elements.php on line 68

2021-06-22T09:22:26+00:00 CRITICAL Uncaught TypeError: Elementor\Elements_Manager::create_element_instance(): Argument #1 ($element_data) must be of type array, string given, called in C:\xampp\htdocs\wordpress\wp-content\plugins\elementor\core\base\document.php on line 811 and defined in C:\xampp\htdocs\wordpress\wp-content\plugins\elementor\includes\managers\elements.php:68
Stack trace:
#0 C:\xampp\htdocs\wordpress\wp-content\plugins\elementor\core\base\document.php(811): Elementor\Elements_Manager->create_element_instance('Array')
#1 C:\xampp\htdocs\wordpress\wp-content\plugins\astra-sites\inc\importers\batch-processing\class-astra-sites-batch-processing-elementor.php(121): Elementor\Core\Base\Document->get_elements_raw_data(Array, true)
#2 C:\xampp\htdocs\wordpress\wp-content\plugins\astra-sites\inc\importers\batch-processing\class-astra-sites-batch-processing-elementor.php(66): Elementor\TemplateLibrary\Astra_Sites_Batch_Processing_Elementor->import_single_post(4334)
#3 C:\xampp\htdocs\wordpress\wp-content\plugins\astra-sites\inc\importers\batch-processing\helpers\class-wp-background-process-astra.php(41): Elementor\TemplateLibrary\Astra_Sites_Batch_Processing_Elementor->import()
#4 C:\xampp\htdocs\wordpress\wp-content\plugins\woocommerce\includes\libraries\wp-background-process.php(301): WP_Background_Process_Astra->task(Object(Elementor\TemplateLibrary\Astra_Sites_Batch_Processing_Elementor))
#5 C:\xampp\htdocs\wordpress\wp-content\plugins\woocommerce\includes\libraries\wp-background-process.php(447): WP_Background_Process->handle()
#6 C:\xampp\htdocs\wordpress\wp-includes\class-wp-hook.php(292): WP_Background_Process->handle_cron_healthcheck()
#7 C:\xampp\htdocs\wordpress\wp-includes\class-wp-hook.php(316): WP_Hook->apply_filters('', Array)
#8 C:\xampp\htdocs\wordpress\wp-includes\plugin.php(551): WP_Hook->do_action(Array)
#9 C:\xampp\htdocs\wordpress\wp-cron.php(138): do_action_ref_array('wp_image_proces...', Array)
#10 {main}
  thrown in C:\xampp\htdocs\wordpress\wp-content\plugins\elementor\includes\managers\elements.php on line 68

2021-06-22T09:26:28+00:00 CRITICAL Uncaught TypeError: Elementor\Elements_Manager::create_element_instance(): Argument #1 ($element_data) must be of type array, string given, called in C:\xampp\htdocs\wordpress\wp-content\plugins\elementor\core\base\document.php on line 811 and defined in C:\xampp\htdocs\wordpress\wp-content\plugins\elementor\includes\managers\elements.php:68
Stack trace:
#0 C:\xampp\htdocs\wordpress\wp-content\plugins\elementor\core\base\document.php(811): Elementor\Elements_Manager->create_element_instance('Array')
#1 C:\xampp\htdocs\wordpress\wp-content\plugins\astra-sites\inc\importers\batch-processing\class-astra-sites-batch-processing-elementor.php(121): Elementor\Core\Base\Document->get_elements_raw_data(Array, true)
#2 C:\xampp\htdocs\wordpress\wp-content\plugins\astra-sites\inc\importers\batch-processing\class-astra-sites-batch-processing-elementor.php(66): Elementor\TemplateLibrary\Astra_Sites_Batch_Processing_Elementor->import_single_post(4334)
#3 C:\xampp\htdocs\wordpress\wp-content\plugins\astra-sites\inc\importers\batch-processing\helpers\class-wp-background-process-astra.php(41): Elementor\TemplateLibrary\Astra_Sites_Batch_Processing_Elementor->import()
#4 C:\xampp\htdocs\wordpress\wp-content\plugins\woocommerce\includes\libraries\wp-background-process.php(301): WP_Background_Process_Astra->task(Object(Elementor\TemplateLibrary\Astra_Sites_Batch_Processing_Elementor))
#5 C:\xampp\htdocs\wordpress\wp-content\plugins\woocommerce\includes\libraries\wp-background-process.php(447): WP_Background_Process->handle()
#6 C:\xampp\htdocs\wordpress\wp-includes\class-wp-hook.php(292): WP_Background_Process->handle_cron_healthcheck()
#7 C:\xampp\htdocs\wordpress\wp-includes\class-wp-hook.php(316): WP_Hook->apply_filters('', Array)
#8 C:\xampp\htdocs\wordpress\wp-includes\plugin.php(551): WP_Hook->do_action(Array)
#9 C:\xampp\htdocs\wordpress\wp-cron.php(138): do_action_ref_array('wp_image_proces...', Array)
#10 {main}
  thrown in C:\xampp\htdocs\wordpress\wp-content\plugins\elementor\includes\managers\elements.php on line 68

2021-06-22T09:32:31+00:00 CRITICAL Uncaught TypeError: Elementor\Elements_Manager::create_element_instance(): Argument #1 ($element_data) must be of type array, string given, called in C:\xampp\htdocs\wordpress\wp-content\plugins\elementor\core\base\document.php on line 811 and defined in C:\xampp\htdocs\wordpress\wp-content\plugins\elementor\includes\managers\elements.php:68
Stack trace:
#0 C:\xampp\htdocs\wordpress\wp-content\plugins\elementor\core\base\document.php(811): Elementor\Elements_Manager->create_element_instance('Array')
#1 C:\xampp\htdocs\wordpress\wp-content\plugins\astra-sites\inc\importers\batch-processing\class-astra-sites-batch-processing-elementor.php(121): Elementor\Core\Base\Document->get_elements_raw_data(Array, true)
#2 C:\xampp\htdocs\wordpress\wp-content\plugins\astra-sites\inc\importers\batch-processing\class-astra-sites-batch-processing-elementor.php(66): Elementor\TemplateLibrary\Astra_Sites_Batch_Processing_Elementor->import_single_post(4334)
#3 C:\xampp\htdocs\wordpress\wp-content\plugins\astra-sites\inc\importers\batch-processing\helpers\class-wp-background-process-astra.php(41): Elementor\TemplateLibrary\Astra_Sites_Batch_Processing_Elementor->import()
#4 C:\xampp\htdocs\wordpress\wp-content\plugins\woocommerce\includes\libraries\wp-background-process.php(301): WP_Background_Process_Astra->task(Object(Elementor\TemplateLibrary\Astra_Sites_Batch_Processing_Elementor))
#5 C:\xampp\htdocs\wordpress\wp-content\plugins\woocommerce\includes\libraries\wp-background-process.php(447): WP_Background_Process->handle()
#6 C:\xampp\htdocs\wordpress\wp-includes\class-wp-hook.php(292): WP_Background_Process->handle_cron_healthcheck()
#7 C:\xampp\htdocs\wordpress\wp-includes\class-wp-hook.php(316): WP_Hook->apply_filters('', Array)
#8 C:\xampp\htdocs\wordpress\wp-includes\plugin.php(551): WP_Hook->do_action(Array)
#9 C:\xampp\htdocs\wordpress\wp-cron.php(138): do_action_ref_array('wp_image_proces...', Array)
#10 {main}
  thrown in C:\xampp\htdocs\wordpress\wp-content\plugins\elementor\includes\managers\elements.php on line 68

2021-06-22T09:36:33+00:00 CRITICAL Uncaught TypeError: Elementor\Elements_Manager::create_element_instance(): Argument #1 ($element_data) must be of type array, string given, called in C:\xampp\htdocs\wordpress\wp-content\plugins\elementor\core\base\document.php on line 811 and defined in C:\xampp\htdocs\wordpress\wp-content\plugins\elementor\includes\managers\elements.php:68
Stack trace:
#0 C:\xampp\htdocs\wordpress\wp-content\plugins\elementor\core\base\document.php(811): Elementor\Elements_Manager->create_element_instance('Array')
#1 C:\xampp\htdocs\wordpress\wp-content\plugins\astra-sites\inc\importers\batch-processing\class-astra-sites-batch-processing-elementor.php(121): Elementor\Core\Base\Document->get_elements_raw_data(Array, true)
#2 C:\xampp\htdocs\wordpress\wp-content\plugins\astra-sites\inc\importers\batch-processing\class-astra-sites-batch-processing-elementor.php(66): Elementor\TemplateLibrary\Astra_Sites_Batch_Processing_Elementor->import_single_post(4334)
#3 C:\xampp\htdocs\wordpress\wp-content\plugins\astra-sites\inc\importers\batch-processing\helpers\class-wp-background-process-astra.php(41): Elementor\TemplateLibrary\Astra_Sites_Batch_Processing_Elementor->import()
#4 C:\xampp\htdocs\wordpress\wp-content\plugins\woocommerce\includes\libraries\wp-background-process.php(301): WP_Background_Process_Astra->task(Object(Elementor\TemplateLibrary\Astra_Sites_Batch_Processing_Elementor))
#5 C:\xampp\htdocs\wordpress\wp-content\plugins\woocommerce\includes\libraries\wp-background-process.php(447): WP_Background_Process->handle()
#6 C:\xampp\htdocs\wordpress\wp-includes\class-wp-hook.php(292): WP_Background_Process->handle_cron_healthcheck()
#7 C:\xampp\htdocs\wordpress\wp-includes\class-wp-hook.php(316): WP_Hook->apply_filters('', Array)
#8 C:\xampp\htdocs\wordpress\wp-includes\plugin.php(551): WP_Hook->do_action(Array)
#9 C:\xampp\htdocs\wordpress\wp-cron.php(138): do_action_ref_array('wp_image_proces...', Array)
#10 {main}
  thrown in C:\xampp\htdocs\wordpress\wp-content\plugins\elementor\includes\managers\elements.php on line 68

2021-06-22T09:42:36+00:00 CRITICAL Uncaught TypeError: Elementor\Elements_Manager::create_element_instance(): Argument #1 ($element_data) must be of type array, string given, called in C:\xampp\htdocs\wordpress\wp-content\plugins\elementor\core\base\document.php on line 811 and defined in C:\xampp\htdocs\wordpress\wp-content\plugins\elementor\includes\managers\elements.php:68
Stack trace:
#0 C:\xampp\htdocs\wordpress\wp-content\plugins\elementor\core\base\document.php(811): Elementor\Elements_Manager->create_element_instance('Array')
#1 C:\xampp\htdocs\wordpress\wp-content\plugins\astra-sites\inc\importers\batch-processing\class-astra-sites-batch-processing-elementor.php(121): Elementor\Core\Base\Document->get_elements_raw_data(Array, true)
#2 C:\xampp\htdocs\wordpress\wp-content\plugins\astra-sites\inc\importers\batch-processing\class-astra-sites-batch-processing-elementor.php(66): Elementor\TemplateLibrary\Astra_Sites_Batch_Processing_Elementor->import_single_post(4334)
#3 C:\xampp\htdocs\wordpress\wp-content\plugins\astra-sites\inc\importers\batch-processing\helpers\class-wp-background-process-astra.php(41): Elementor\TemplateLibrary\Astra_Sites_Batch_Processing_Elementor->import()
#4 C:\xampp\htdocs\wordpress\wp-content\plugins\woocommerce\includes\libraries\wp-background-process.php(301): WP_Background_Process_Astra->task(Object(Elementor\TemplateLibrary\Astra_Sites_Batch_Processing_Elementor))
#5 C:\xampp\htdocs\wordpress\wp-content\plugins\woocommerce\includes\libraries\wp-background-process.php(447): WP_Background_Process->handle()
#6 C:\xampp\htdocs\wordpress\wp-includes\class-wp-hook.php(292): WP_Background_Process->handle_cron_healthcheck()
#7 C:\xampp\htdocs\wordpress\wp-includes\class-wp-hook.php(316): WP_Hook->apply_filters('', Array)
#8 C:\xampp\htdocs\wordpress\wp-includes\plugin.php(551): WP_Hook->do_action(Array)
#9 C:\xampp\htdocs\wordpress\wp-cron.php(138): do_action_ref_array('wp_image_proces...', Array)
#10 {main}
  thrown in C:\xampp\htdocs\wordpress\wp-content\plugins\elementor\includes\managers\elements.php on line 68

2021-06-22T09:46:38+00:00 CRITICAL Uncaught TypeError: Elementor\Elements_Manager::create_element_instance(): Argument #1 ($element_data) must be of type array, string given, called in C:\xampp\htdocs\wordpress\wp-content\plugins\elementor\core\base\document.php on line 811 and defined in C:\xampp\htdocs\wordpress\wp-content\plugins\elementor\includes\managers\elements.php:68
Stack trace:
#0 C:\xampp\htdocs\wordpress\wp-content\plugins\elementor\core\base\document.php(811): Elementor\Elements_Manager->create_element_instance('Array')
#1 C:\xampp\htdocs\wordpress\wp-content\plugins\astra-sites\inc\importers\batch-processing\class-astra-sites-batch-processing-elementor.php(121): Elementor\Core\Base\Document->get_elements_raw_data(Array, true)
#2 C:\xampp\htdocs\wordpress\wp-content\plugins\astra-sites\inc\importers\batch-processing\class-astra-sites-batch-processing-elementor.php(66): Elementor\TemplateLibrary\Astra_Sites_Batch_Processing_Elementor->import_single_post(4334)
#3 C:\xampp\htdocs\wordpress\wp-content\plugins\astra-sites\inc\importers\batch-processing\helpers\class-wp-background-process-astra.php(41): Elementor\TemplateLibrary\Astra_Sites_Batch_Processing_Elementor->import()
#4 C:\xampp\htdocs\wordpress\wp-content\plugins\woocommerce\includes\libraries\wp-background-process.php(301): WP_Background_Process_Astra->task(Object(Elementor\TemplateLibrary\Astra_Sites_Batch_Processing_Elementor))
#5 C:\xampp\htdocs\wordpress\wp-content\plugins\woocommerce\includes\libraries\wp-background-process.php(447): WP_Background_Process->handle()
#6 C:\xampp\htdocs\wordpress\wp-includes\class-wp-hook.php(292): WP_Background_Process->handle_cron_healthcheck()
#7 C:\xampp\htdocs\wordpress\wp-includes\class-wp-hook.php(316): WP_Hook->apply_filters('', Array)
#8 C:\xampp\htdocs\wordpress\wp-includes\plugin.php(551): WP_Hook->do_action(Array)
#9 C:\xampp\htdocs\wordpress\wp-cron.php(138): do_action_ref_array('wp_image_proces...', Array)
#10 {main}
  thrown in C:\xampp\htdocs\wordpress\wp-content\plugins\elementor\includes\managers\elements.php on line 68

2021-06-22T09:51:04+00:00 CRITICAL Uncaught TypeError: Elementor\Elements_Manager::create_element_instance(): Argument #1 ($element_data) must be of type array, string given, called in C:\xampp\htdocs\wordpress\wp-content\plugins\elementor\core\base\document.php on line 811 and defined in C:\xampp\htdocs\wordpress\wp-content\plugins\elementor\includes\managers\elements.php:68
Stack trace:
#0 C:\xampp\htdocs\wordpress\wp-content\plugins\elementor\core\base\document.php(811): Elementor\Elements_Manager->create_element_instance('Array')
#1 C:\xampp\htdocs\wordpress\wp-content\plugins\astra-sites\inc\importers\batch-processing\class-astra-sites-batch-processing-elementor.php(121): Elementor\Core\Base\Document->get_elements_raw_data(Array, true)
#2 C:\xampp\htdocs\wordpress\wp-content\plugins\astra-sites\inc\importers\batch-processing\class-astra-sites-batch-processing-elementor.php(66): Elementor\TemplateLibrary\Astra_Sites_Batch_Processing_Elementor->import_single_post(4334)
#3 C:\xampp\htdocs\wordpress\wp-content\plugins\astra-sites\inc\importers\batch-processing\helpers\class-wp-background-process-astra.php(41): Elementor\TemplateLibrary\Astra_Sites_Batch_Processing_Elementor->import()
#4 C:\xampp\htdocs\wordpress\wp-content\plugins\woocommerce\includes\libraries\wp-background-process.php(301): WP_Background_Process_Astra->task(Object(Elementor\TemplateLibrary\Astra_Sites_Batch_Processing_Elementor))
#5 C:\xampp\htdocs\wordpress\wp-content\plugins\woocommerce\includes\libraries\wp-background-process.php(447): WP_Background_Process->handle()
#6 C:\xampp\htdocs\wordpress\wp-includes\class-wp-hook.php(292): WP_Background_Process->handle_cron_healthcheck()
#7 C:\xampp\htdocs\wordpress\wp-includes\class-wp-hook.php(316): WP_Hook->apply_filters('', Array)
#8 C:\xampp\htdocs\wordpress\wp-includes\plugin.php(551): WP_Hook->do_action(Array)
#9 C:\xampp\htdocs\wordpress\wp-cron.php(138): do_action_ref_array('wp_image_proces...', Array)
#10 {main}
  thrown in C:\xampp\htdocs\wordpress\wp-content\plugins\elementor\includes\managers\elements.php on line 68

2021-06-22T09:57:04+00:00 CRITICAL Uncaught TypeError: Elementor\Elements_Manager::create_element_instance(): Argument #1 ($element_data) must be of type array, string given, called in C:\xampp\htdocs\wordpress\wp-content\plugins\elementor\core\base\document.php on line 811 and defined in C:\xampp\htdocs\wordpress\wp-content\plugins\elementor\includes\managers\elements.php:68
Stack trace:
#0 C:\xampp\htdocs\wordpress\wp-content\plugins\elementor\core\base\document.php(811): Elementor\Elements_Manager->create_element_instance('Array')
#1 C:\xampp\htdocs\wordpress\wp-content\plugins\astra-sites\inc\importers\batch-processing\class-astra-sites-batch-processing-elementor.php(121): Elementor\Core\Base\Document->get_elements_raw_data(Array, true)
#2 C:\xampp\htdocs\wordpress\wp-content\plugins\astra-sites\inc\importers\batch-processing\class-astra-sites-batch-processing-elementor.php(66): Elementor\TemplateLibrary\Astra_Sites_Batch_Processing_Elementor->import_single_post(4334)
#3 C:\xampp\htdocs\wordpress\wp-content\plugins\astra-sites\inc\importers\batch-processing\helpers\class-wp-background-process-astra.php(41): Elementor\TemplateLibrary\Astra_Sites_Batch_Processing_Elementor->import()
#4 C:\xampp\htdocs\wordpress\wp-content\plugins\woocommerce\includes\libraries\wp-background-process.php(301): WP_Background_Process_Astra->task(Object(Elementor\TemplateLibrary\Astra_Sites_Batch_Processing_Elementor))
#5 C:\xampp\htdocs\wordpress\wp-content\plugins\woocommerce\includes\libraries\wp-background-process.php(447): WP_Background_Process->handle()
#6 C:\xampp\htdocs\wordpress\wp-includes\class-wp-hook.php(292): WP_Background_Process->handle_cron_healthcheck()
#7 C:\xampp\htdocs\wordpress\wp-includes\class-wp-hook.php(316): WP_Hook->apply_filters('', Array)
#8 C:\xampp\htdocs\wordpress\wp-includes\plugin.php(551): WP_Hook->do_action(Array)
#9 C:\xampp\htdocs\wordpress\wp-cron.php(138): do_action_ref_array('wp_image_proces...', Array)
#10 {main}
  thrown in C:\xampp\htdocs\wordpress\wp-content\plugins\elementor\includes\managers\elements.php on line 68

2021-06-22T10:01:06+00:00 CRITICAL Uncaught TypeError: Elementor\Elements_Manager::create_element_instance(): Argument #1 ($element_data) must be of type array, string given, called in C:\xampp\htdocs\wordpress\wp-content\plugins\elementor\core\base\document.php on line 811 and defined in C:\xampp\htdocs\wordpress\wp-content\plugins\elementor\includes\managers\elements.php:68
Stack trace:
#0 C:\xampp\htdocs\wordpress\wp-content\plugins\elementor\core\base\document.php(811): Elementor\Elements_Manager->create_element_instance('Array')
#1 C:\xampp\htdocs\wordpress\wp-content\plugins\astra-sites\inc\importers\batch-processing\class-astra-sites-batch-processing-elementor.php(121): Elementor\Core\Base\Document->get_elements_raw_data(Array, true)
#2 C:\xampp\htdocs\wordpress\wp-content\plugins\astra-sites\inc\importers\batch-processing\class-astra-sites-batch-processing-elementor.php(66): Elementor\TemplateLibrary\Astra_Sites_Batch_Processing_Elementor->import_single_post(4334)
#3 C:\xampp\htdocs\wordpress\wp-content\plugins\astra-sites\inc\importers\batch-processing\helpers\class-wp-background-process-astra.php(41): Elementor\TemplateLibrary\Astra_Sites_Batch_Processing_Elementor->import()
#4 C:\xampp\htdocs\wordpress\wp-content\plugins\woocommerce\includes\libraries\wp-background-process.php(301): WP_Background_Process_Astra->task(Object(Elementor\TemplateLibrary\Astra_Sites_Batch_Processing_Elementor))
#5 C:\xampp\htdocs\wordpress\wp-content\plugins\woocommerce\includes\libraries\wp-background-process.php(447): WP_Background_Process->handle()
#6 C:\xampp\htdocs\wordpress\wp-includes\class-wp-hook.php(292): WP_Background_Process->handle_cron_healthcheck()
#7 C:\xampp\htdocs\wordpress\wp-includes\class-wp-hook.php(316): WP_Hook->apply_filters('', Array)
#8 C:\xampp\htdocs\wordpress\wp-includes\plugin.php(551): WP_Hook->do_action(Array)
#9 C:\xampp\htdocs\wordpress\wp-cron.php(138): do_action_ref_array('wp_image_proces...', Array)
#10 {main}
  thrown in C:\xampp\htdocs\wordpress\wp-content\plugins\elementor\includes\managers\elements.php on line 68

2021-06-22T10:07:09+00:00 CRITICAL Uncaught TypeError: Elementor\Elements_Manager::create_element_instance(): Argument #1 ($element_data) must be of type array, string given, called in C:\xampp\htdocs\wordpress\wp-content\plugins\elementor\core\base\document.php on line 811 and defined in C:\xampp\htdocs\wordpress\wp-content\plugins\elementor\includes\managers\elements.php:68
Stack trace:
#0 C:\xampp\htdocs\wordpress\wp-content\plugins\elementor\core\base\document.php(811): Elementor\Elements_Manager->create_element_instance('Array')
#1 C:\xampp\htdocs\wordpress\wp-content\plugins\astra-sites\inc\importers\batch-processing\class-astra-sites-batch-processing-elementor.php(121): Elementor\Core\Base\Document->get_elements_raw_data(Array, true)
#2 C:\xampp\htdocs\wordpress\wp-content\plugins\astra-sites\inc\importers\batch-processing\class-astra-sites-batch-processing-elementor.php(66): Elementor\TemplateLibrary\Astra_Sites_Batch_Processing_Elementor->import_single_post(4334)
#3 C:\xampp\htdocs\wordpress\wp-content\plugins\astra-sites\inc\importers\batch-processing\helpers\class-wp-background-process-astra.php(41): Elementor\TemplateLibrary\Astra_Sites_Batch_Processing_Elementor->import()
#4 C:\xampp\htdocs\wordpress\wp-content\plugins\woocommerce\includes\libraries\wp-background-process.php(301): WP_Background_Process_Astra->task(Object(Elementor\TemplateLibrary\Astra_Sites_Batch_Processing_Elementor))
#5 C:\xampp\htdocs\wordpress\wp-content\plugins\woocommerce\includes\libraries\wp-background-process.php(447): WP_Background_Process->handle()
#6 C:\xampp\htdocs\wordpress\wp-includes\class-wp-hook.php(292): WP_Background_Process->handle_cron_healthcheck()
#7 C:\xampp\htdocs\wordpress\wp-includes\class-wp-hook.php(316): WP_Hook->apply_filters('', Array)
#8 C:\xampp\htdocs\wordpress\wp-includes\plugin.php(551): WP_Hook->do_action(Array)
#9 C:\xampp\htdocs\wordpress\wp-cron.php(138): do_action_ref_array('wp_image_proces...', Array)
#10 {main}
  thrown in C:\xampp\htdocs\wordpress\wp-content\plugins\elementor\includes\managers\elements.php on line 68

2021-06-22T10:11:11+00:00 CRITICAL Uncaught TypeError: Elementor\Elements_Manager::create_element_instance(): Argument #1 ($element_data) must be of type array, string given, called in C:\xampp\htdocs\wordpress\wp-content\plugins\elementor\core\base\document.php on line 811 and defined in C:\xampp\htdocs\wordpress\wp-content\plugins\elementor\includes\managers\elements.php:68
Stack trace:
#0 C:\xampp\htdocs\wordpress\wp-content\plugins\elementor\core\base\document.php(811): Elementor\Elements_Manager->create_element_instance('Array')
#1 C:\xampp\htdocs\wordpress\wp-content\plugins\astra-sites\inc\importers\batch-processing\class-astra-sites-batch-processing-elementor.php(121): Elementor\Core\Base\Document->get_elements_raw_data(Array, true)
#2 C:\xampp\htdocs\wordpress\wp-content\plugins\astra-sites\inc\importers\batch-processing\class-astra-sites-batch-processing-elementor.php(66): Elementor\TemplateLibrary\Astra_Sites_Batch_Processing_Elementor->import_single_post(4334)
#3 C:\xampp\htdocs\wordpress\wp-content\plugins\astra-sites\inc\importers\batch-processing\helpers\class-wp-background-process-astra.php(41): Elementor\TemplateLibrary\Astra_Sites_Batch_Processing_Elementor->import()
#4 C:\xampp\htdocs\wordpress\wp-content\plugins\woocommerce\includes\libraries\wp-background-process.php(301): WP_Background_Process_Astra->task(Object(Elementor\TemplateLibrary\Astra_Sites_Batch_Processing_Elementor))
#5 C:\xampp\htdocs\wordpress\wp-content\plugins\woocommerce\includes\libraries\wp-background-process.php(447): WP_Background_Process->handle()
#6 C:\xampp\htdocs\wordpress\wp-includes\class-wp-hook.php(292): WP_Background_Process->handle_cron_healthcheck()
#7 C:\xampp\htdocs\wordpress\wp-includes\class-wp-hook.php(316): WP_Hook->apply_filters('', Array)
#8 C:\xampp\htdocs\wordpress\wp-includes\plugin.php(551): WP_Hook->do_action(Array)
#9 C:\xampp\htdocs\wordpress\wp-cron.php(138): do_action_ref_array('wp_image_proces...', Array)
#10 {main}
  thrown in C:\xampp\htdocs\wordpress\wp-content\plugins\elementor\includes\managers\elements.php on line 68

2021-06-22T10:17:14+00:00 CRITICAL Uncaught TypeError: Elementor\Elements_Manager::create_element_instance(): Argument #1 ($element_data) must be of type array, string given, called in C:\xampp\htdocs\wordpress\wp-content\plugins\elementor\core\base\document.php on line 811 and defined in C:\xampp\htdocs\wordpress\wp-content\plugins\elementor\includes\managers\elements.php:68
Stack trace:
#0 C:\xampp\htdocs\wordpress\wp-content\plugins\elementor\core\base\document.php(811): Elementor\Elements_Manager->create_element_instance('Array')
#1 C:\xampp\htdocs\wordpress\wp-content\plugins\astra-sites\inc\importers\batch-processing\class-astra-sites-batch-processing-elementor.php(121): Elementor\Core\Base\Document->get_elements_raw_data(Array, true)
#2 C:\xampp\htdocs\wordpress\wp-content\plugins\astra-sites\inc\importers\batch-processing\class-astra-sites-batch-processing-elementor.php(66): Elementor\TemplateLibrary\Astra_Sites_Batch_Processing_Elementor->import_single_post(4334)
#3 C:\xampp\htdocs\wordpress\wp-content\plugins\astra-sites\inc\importers\batch-processing\helpers\class-wp-background-process-astra.php(41): Elementor\TemplateLibrary\Astra_Sites_Batch_Processing_Elementor->import()
#4 C:\xampp\htdocs\wordpress\wp-content\plugins\woocommerce\includes\libraries\wp-background-process.php(301): WP_Background_Process_Astra->task(Object(Elementor\TemplateLibrary\Astra_Sites_Batch_Processing_Elementor))
#5 C:\xampp\htdocs\wordpress\wp-content\plugins\woocommerce\includes\libraries\wp-background-process.php(447): WP_Background_Process->handle()
#6 C:\xampp\htdocs\wordpress\wp-includes\class-wp-hook.php(292): WP_Background_Process->handle_cron_healthcheck()
#7 C:\xampp\htdocs\wordpress\wp-includes\class-wp-hook.php(316): WP_Hook->apply_filters('', Array)
#8 C:\xampp\htdocs\wordpress\wp-includes\plugin.php(551): WP_Hook->do_action(Array)
#9 C:\xampp\htdocs\wordpress\wp-cron.php(138): do_action_ref_array('wp_image_proces...', Array)
#10 {main}
  thrown in C:\xampp\htdocs\wordpress\wp-content\plugins\elementor\includes\managers\elements.php on line 68

2021-06-22T10:21:16+00:00 CRITICAL Uncaught TypeError: Elementor\Elements_Manager::create_element_instance(): Argument #1 ($element_data) must be of type array, string given, called in C:\xampp\htdocs\wordpress\wp-content\plugins\elementor\core\base\document.php on line 811 and defined in C:\xampp\htdocs\wordpress\wp-content\plugins\elementor\includes\managers\elements.php:68
Stack trace:
#0 C:\xampp\htdocs\wordpress\wp-content\plugins\elementor\core\base\document.php(811): Elementor\Elements_Manager->create_element_instance('Array')
#1 C:\xampp\htdocs\wordpress\wp-content\plugins\astra-sites\inc\importers\batch-processing\class-astra-sites-batch-processing-elementor.php(121): Elementor\Core\Base\Document->get_elements_raw_data(Array, true)
#2 C:\xampp\htdocs\wordpress\wp-content\plugins\astra-sites\inc\importers\batch-processing\class-astra-sites-batch-processing-elementor.php(66): Elementor\TemplateLibrary\Astra_Sites_Batch_Processing_Elementor->import_single_post(4334)
#3 C:\xampp\htdocs\wordpress\wp-content\plugins\astra-sites\inc\importers\batch-processing\helpers\class-wp-background-process-astra.php(41): Elementor\TemplateLibrary\Astra_Sites_Batch_Processing_Elementor->import()
#4 C:\xampp\htdocs\wordpress\wp-content\plugins\woocommerce\includes\libraries\wp-background-process.php(301): WP_Background_Process_Astra->task(Object(Elementor\TemplateLibrary\Astra_Sites_Batch_Processing_Elementor))
#5 C:\xampp\htdocs\wordpress\wp-content\plugins\woocommerce\includes\libraries\wp-background-process.php(447): WP_Background_Process->handle()
#6 C:\xampp\htdocs\wordpress\wp-includes\class-wp-hook.php(292): WP_Background_Process->handle_cron_healthcheck()
#7 C:\xampp\htdocs\wordpress\wp-includes\class-wp-hook.php(316): WP_Hook->apply_filters('', Array)
#8 C:\xampp\htdocs\wordpress\wp-includes\plugin.php(551): WP_Hook->do_action(Array)
#9 C:\xampp\htdocs\wordpress\wp-cron.php(138): do_action_ref_array('wp_image_proces...', Array)
#10 {main}
  thrown in C:\xampp\htdocs\wordpress\wp-content\plugins\elementor\includes\managers\elements.php on line 68

2021-06-22T10:27:19+00:00 CRITICAL Uncaught TypeError: Elementor\Elements_Manager::create_element_instance(): Argument #1 ($element_data) must be of type array, string given, called in C:\xampp\htdocs\wordpress\wp-content\plugins\elementor\core\base\document.php on line 811 and defined in C:\xampp\htdocs\wordpress\wp-content\plugins\elementor\includes\managers\elements.php:68
Stack trace:
#0 C:\xampp\htdocs\wordpress\wp-content\plugins\elementor\core\base\document.php(811): Elementor\Elements_Manager->create_element_instance('Array')
#1 C:\xampp\htdocs\wordpress\wp-content\plugins\astra-sites\inc\importers\batch-processing\class-astra-sites-batch-processing-elementor.php(121): Elementor\Core\Base\Document->get_elements_raw_data(Array, true)
#2 C:\xampp\htdocs\wordpress\wp-content\plugins\astra-sites\inc\importers\batch-processing\class-astra-sites-batch-processing-elementor.php(66): Elementor\TemplateLibrary\Astra_Sites_Batch_Processing_Elementor->import_single_post(4334)
#3 C:\xampp\htdocs\wordpress\wp-content\plugins\astra-sites\inc\importers\batch-processing\helpers\class-wp-background-process-astra.php(41): Elementor\TemplateLibrary\Astra_Sites_Batch_Processing_Elementor->import()
#4 C:\xampp\htdocs\wordpress\wp-content\plugins\woocommerce\includes\libraries\wp-background-process.php(301): WP_Background_Process_Astra->task(Object(Elementor\TemplateLibrary\Astra_Sites_Batch_Processing_Elementor))
#5 C:\xampp\htdocs\wordpress\wp-content\plugins\woocommerce\includes\libraries\wp-background-process.php(447): WP_Background_Process->handle()
#6 C:\xampp\htdocs\wordpress\wp-includes\class-wp-hook.php(292): WP_Background_Process->handle_cron_healthcheck()
#7 C:\xampp\htdocs\wordpress\wp-includes\class-wp-hook.php(316): WP_Hook->apply_filters('', Array)
#8 C:\xampp\htdocs\wordpress\wp-includes\plugin.php(551): WP_Hook->do_action(Array)
#9 C:\xampp\htdocs\wordpress\wp-cron.php(138): do_action_ref_array('wp_image_proces...', Array)
#10 {main}
  thrown in C:\xampp\htdocs\wordpress\wp-content\plugins\elementor\includes\managers\elements.php on line 68

2021-06-22T10:31:21+00:00 CRITICAL Uncaught TypeError: Elementor\Elements_Manager::create_element_instance(): Argument #1 ($element_data) must be of type array, string given, called in C:\xampp\htdocs\wordpress\wp-content\plugins\elementor\core\base\document.php on line 811 and defined in C:\xampp\htdocs\wordpress\wp-content\plugins\elementor\includes\managers\elements.php:68
Stack trace:
#0 C:\xampp\htdocs\wordpress\wp-content\plugins\elementor\core\base\document.php(811): Elementor\Elements_Manager->create_element_instance('Array')
#1 C:\xampp\htdocs\wordpress\wp-content\plugins\astra-sites\inc\importers\batch-processing\class-astra-sites-batch-processing-elementor.php(121): Elementor\Core\Base\Document->get_elements_raw_data(Array, true)
#2 C:\xampp\htdocs\wordpress\wp-content\plugins\astra-sites\inc\importers\batch-processing\class-astra-sites-batch-processing-elementor.php(66): Elementor\TemplateLibrary\Astra_Sites_Batch_Processing_Elementor->import_single_post(4334)
#3 C:\xampp\htdocs\wordpress\wp-content\plugins\astra-sites\inc\importers\batch-processing\helpers\class-wp-background-process-astra.php(41): Elementor\TemplateLibrary\Astra_Sites_Batch_Processing_Elementor->import()
#4 C:\xampp\htdocs\wordpress\wp-content\plugins\woocommerce\includes\libraries\wp-background-process.php(301): WP_Background_Process_Astra->task(Object(Elementor\TemplateLibrary\Astra_Sites_Batch_Processing_Elementor))
#5 C:\xampp\htdocs\wordpress\wp-content\plugins\woocommerce\includes\libraries\wp-background-process.php(447): WP_Background_Process->handle()
#6 C:\xampp\htdocs\wordpress\wp-includes\class-wp-hook.php(292): WP_Background_Process->handle_cron_healthcheck()
#7 C:\xampp\htdocs\wordpress\wp-includes\class-wp-hook.php(316): WP_Hook->apply_filters('', Array)
#8 C:\xampp\htdocs\wordpress\wp-includes\plugin.php(551): WP_Hook->do_action(Array)
#9 C:\xampp\htdocs\wordpress\wp-cron.php(138): do_action_ref_array('wp_image_proces...', Array)
#10 {main}
  thrown in C:\xampp\htdocs\wordpress\wp-content\plugins\elementor\includes\managers\elements.php on line 68

2021-06-22T10:37:24+00:00 CRITICAL Uncaught TypeError: Elementor\Elements_Manager::create_element_instance(): Argument #1 ($element_data) must be of type array, string given, called in C:\xampp\htdocs\wordpress\wp-content\plugins\elementor\core\base\document.php on line 811 and defined in C:\xampp\htdocs\wordpress\wp-content\plugins\elementor\includes\managers\elements.php:68
Stack trace:
#0 C:\xampp\htdocs\wordpress\wp-content\plugins\elementor\core\base\document.php(811): Elementor\Elements_Manager->create_element_instance('Array')
#1 C:\xampp\htdocs\wordpress\wp-content\plugins\astra-sites\inc\importers\batch-processing\class-astra-sites-batch-processing-elementor.php(121): Elementor\Core\Base\Document->get_elements_raw_data(Array, true)
#2 C:\xampp\htdocs\wordpress\wp-content\plugins\astra-sites\inc\importers\batch-processing\class-astra-sites-batch-processing-elementor.php(66): Elementor\TemplateLibrary\Astra_Sites_Batch_Processing_Elementor->import_single_post(4334)
#3 C:\xampp\htdocs\wordpress\wp-content\plugins\astra-sites\inc\importers\batch-processing\helpers\class-wp-background-process-astra.php(41): Elementor\TemplateLibrary\Astra_Sites_Batch_Processing_Elementor->import()
#4 C:\xampp\htdocs\wordpress\wp-content\plugins\woocommerce\includes\libraries\wp-background-process.php(301): WP_Background_Process_Astra->task(Object(Elementor\TemplateLibrary\Astra_Sites_Batch_Processing_Elementor))
#5 C:\xampp\htdocs\wordpress\wp-content\plugins\woocommerce\includes\libraries\wp-background-process.php(447): WP_Background_Process->handle()
#6 C:\xampp\htdocs\wordpress\wp-includes\class-wp-hook.php(292): WP_Background_Process->handle_cron_healthcheck()
#7 C:\xampp\htdocs\wordpress\wp-includes\class-wp-hook.php(316): WP_Hook->apply_filters('', Array)
#8 C:\xampp\htdocs\wordpress\wp-includes\plugin.php(551): WP_Hook->do_action(Array)
#9 C:\xampp\htdocs\wordpress\wp-cron.php(138): do_action_ref_array('wp_image_proces...', Array)
#10 {main}
  thrown in C:\xampp\htdocs\wordpress\wp-content\plugins\elementor\includes\managers\elements.php on line 68

2021-06-22T10:41:26+00:00 CRITICAL Uncaught TypeError: Elementor\Elements_Manager::create_element_instance(): Argument #1 ($element_data) must be of type array, string given, called in C:\xampp\htdocs\wordpress\wp-content\plugins\elementor\core\base\document.php on line 811 and defined in C:\xampp\htdocs\wordpress\wp-content\plugins\elementor\includes\managers\elements.php:68
Stack trace:
#0 C:\xampp\htdocs\wordpress\wp-content\plugins\elementor\core\base\document.php(811): Elementor\Elements_Manager->create_element_instance('Array')
#1 C:\xampp\htdocs\wordpress\wp-content\plugins\astra-sites\inc\importers\batch-processing\class-astra-sites-batch-processing-elementor.php(121): Elementor\Core\Base\Document->get_elements_raw_data(Array, true)
#2 C:\xampp\htdocs\wordpress\wp-content\plugins\astra-sites\inc\importers\batch-processing\class-astra-sites-batch-processing-elementor.php(66): Elementor\TemplateLibrary\Astra_Sites_Batch_Processing_Elementor->import_single_post(4334)
#3 C:\xampp\htdocs\wordpress\wp-content\plugins\astra-sites\inc\importers\batch-processing\helpers\class-wp-background-process-astra.php(41): Elementor\TemplateLibrary\Astra_Sites_Batch_Processing_Elementor->import()
#4 C:\xampp\htdocs\wordpress\wp-content\plugins\woocommerce\includes\libraries\wp-background-process.php(301): WP_Background_Process_Astra->task(Object(Elementor\TemplateLibrary\Astra_Sites_Batch_Processing_Elementor))
#5 C:\xampp\htdocs\wordpress\wp-content\plugins\woocommerce\includes\libraries\wp-background-process.php(447): WP_Background_Process->handle()
#6 C:\xampp\htdocs\wordpress\wp-includes\class-wp-hook.php(292): WP_Background_Process->handle_cron_healthcheck()
#7 C:\xampp\htdocs\wordpress\wp-includes\class-wp-hook.php(316): WP_Hook->apply_filters('', Array)
#8 C:\xampp\htdocs\wordpress\wp-includes\plugin.php(551): WP_Hook->do_action(Array)
#9 C:\xampp\htdocs\wordpress\wp-cron.php(138): do_action_ref_array('wp_image_proces...', Array)
#10 {main}
  thrown in C:\xampp\htdocs\wordpress\wp-content\plugins\elementor\includes\managers\elements.php on line 68

2021-06-22T10:47:29+00:00 CRITICAL Uncaught TypeError: Elementor\Elements_Manager::create_element_instance(): Argument #1 ($element_data) must be of type array, string given, called in C:\xampp\htdocs\wordpress\wp-content\plugins\elementor\core\base\document.php on line 811 and defined in C:\xampp\htdocs\wordpress\wp-content\plugins\elementor\includes\managers\elements.php:68
Stack trace:
#0 C:\xampp\htdocs\wordpress\wp-content\plugins\elementor\core\base\document.php(811): Elementor\Elements_Manager->create_element_instance('Array')
#1 C:\xampp\htdocs\wordpress\wp-content\plugins\astra-sites\inc\importers\batch-processing\class-astra-sites-batch-processing-elementor.php(121): Elementor\Core\Base\Document->get_elements_raw_data(Array, true)
#2 C:\xampp\htdocs\wordpress\wp-content\plugins\astra-sites\inc\importers\batch-processing\class-astra-sites-batch-processing-elementor.php(66): Elementor\TemplateLibrary\Astra_Sites_Batch_Processing_Elementor->import_single_post(4334)
#3 C:\xampp\htdocs\wordpress\wp-content\plugins\astra-sites\inc\importers\batch-processing\helpers\class-wp-background-process-astra.php(41): Elementor\TemplateLibrary\Astra_Sites_Batch_Processing_Elementor->import()
#4 C:\xampp\htdocs\wordpress\wp-content\plugins\woocommerce\includes\libraries\wp-background-process.php(301): WP_Background_Process_Astra->task(Object(Elementor\TemplateLibrary\Astra_Sites_Batch_Processing_Elementor))
#5 C:\xampp\htdocs\wordpress\wp-content\plugins\woocommerce\includes\libraries\wp-background-process.php(447): WP_Background_Process->handle()
#6 C:\xampp\htdocs\wordpress\wp-includes\class-wp-hook.php(292): WP_Background_Process->handle_cron_healthcheck()
#7 C:\xampp\htdocs\wordpress\wp-includes\class-wp-hook.php(316): WP_Hook->apply_filters('', Array)
#8 C:\xampp\htdocs\wordpress\wp-includes\plugin.php(551): WP_Hook->do_action(Array)
#9 C:\xampp\htdocs\wordpress\wp-cron.php(138): do_action_ref_array('wp_image_proces...', Array)
#10 {main}
  thrown in C:\xampp\htdocs\wordpress\wp-content\plugins\elementor\includes\managers\elements.php on line 68

2021-06-22T11:42:16+00:00 CRITICAL Uncaught TypeError: Elementor\Elements_Manager::create_element_instance(): Argument #1 ($element_data) must be of type array, string given, called in C:\xampp\htdocs\wordpress\wp-content\plugins\elementor\core\base\document.php on line 811 and defined in C:\xampp\htdocs\wordpress\wp-content\plugins\elementor\includes\managers\elements.php:68
Stack trace:
#0 C:\xampp\htdocs\wordpress\wp-content\plugins\elementor\core\base\document.php(811): Elementor\Elements_Manager->create_element_instance('Array')
#1 C:\xampp\htdocs\wordpress\wp-content\plugins\astra-sites\inc\importers\batch-processing\class-astra-sites-batch-processing-elementor.php(121): Elementor\Core\Base\Document->get_elements_raw_data(Array, true)
#2 C:\xampp\htdocs\wordpress\wp-content\plugins\astra-sites\inc\importers\batch-processing\class-astra-sites-batch-processing-elementor.php(66): Elementor\TemplateLibrary\Astra_Sites_Batch_Processing_Elementor->import_single_post(4334)
#3 C:\xampp\htdocs\wordpress\wp-content\plugins\astra-sites\inc\importers\batch-processing\helpers\class-wp-background-process-astra.php(41): Elementor\TemplateLibrary\Astra_Sites_Batch_Processing_Elementor->import()
#4 C:\xampp\htdocs\wordpress\wp-content\plugins\woocommerce\includes\libraries\wp-background-process.php(301): WP_Background_Process_Astra->task(Object(Elementor\TemplateLibrary\Astra_Sites_Batch_Processing_Elementor))
#5 C:\xampp\htdocs\wordpress\wp-content\plugins\woocommerce\includes\libraries\wp-background-process.php(447): WP_Background_Process->handle()
#6 C:\xampp\htdocs\wordpress\wp-includes\class-wp-hook.php(292): WP_Background_Process->handle_cron_healthcheck()
#7 C:\xampp\htdocs\wordpress\wp-includes\class-wp-hook.php(316): WP_Hook->apply_filters('', Array)
#8 C:\xampp\htdocs\wordpress\wp-includes\plugin.php(551): WP_Hook->do_action(Array)
#9 C:\xampp\htdocs\wordpress\wp-cron.php(138): do_action_ref_array('wp_image_proces...', Array)
#10 {main}
  thrown in C:\xampp\htdocs\wordpress\wp-content\plugins\elementor\includes\managers\elements.php on line 68

2021-06-22T11:46:15+00:00 CRITICAL Uncaught TypeError: Elementor\Elements_Manager::create_element_instance(): Argument #1 ($element_data) must be of type array, string given, called in C:\xampp\htdocs\wordpress\wp-content\plugins\elementor\core\base\document.php on line 811 and defined in C:\xampp\htdocs\wordpress\wp-content\plugins\elementor\includes\managers\elements.php:68
Stack trace:
#0 C:\xampp\htdocs\wordpress\wp-content\plugins\elementor\core\base\document.php(811): Elementor\Elements_Manager->create_element_instance('Array')
#1 C:\xampp\htdocs\wordpress\wp-content\plugins\astra-sites\inc\importers\batch-processing\class-astra-sites-batch-processing-elementor.php(121): Elementor\Core\Base\Document->get_elements_raw_data(Array, true)
#2 C:\xampp\htdocs\wordpress\wp-content\plugins\astra-sites\inc\importers\batch-processing\class-astra-sites-batch-processing-elementor.php(66): Elementor\TemplateLibrary\Astra_Sites_Batch_Processing_Elementor->import_single_post(4334)
#3 C:\xampp\htdocs\wordpress\wp-content\plugins\astra-sites\inc\importers\batch-processing\helpers\class-wp-background-process-astra.php(41): Elementor\TemplateLibrary\Astra_Sites_Batch_Processing_Elementor->import()
#4 C:\xampp\htdocs\wordpress\wp-content\plugins\woocommerce\includes\libraries\wp-background-process.php(301): WP_Background_Process_Astra->task(Object(Elementor\TemplateLibrary\Astra_Sites_Batch_Processing_Elementor))
#5 C:\xampp\htdocs\wordpress\wp-content\plugins\woocommerce\includes\libraries\wp-background-process.php(447): WP_Background_Process->handle()
#6 C:\xampp\htdocs\wordpress\wp-includes\class-wp-hook.php(292): WP_Background_Process->handle_cron_healthcheck()
#7 C:\xampp\htdocs\wordpress\wp-includes\class-wp-hook.php(316): WP_Hook->apply_filters('', Array)
#8 C:\xampp\htdocs\wordpress\wp-includes\plugin.php(551): WP_Hook->do_action(Array)
#9 C:\xampp\htdocs\wordpress\wp-cron.php(138): do_action_ref_array('wp_image_proces...', Array)
#10 {main}
  thrown in C:\xampp\htdocs\wordpress\wp-content\plugins\elementor\includes\managers\elements.php on line 68

2021-06-22T11:52:18+00:00 CRITICAL Uncaught TypeError: Elementor\Elements_Manager::create_element_instance(): Argument #1 ($element_data) must be of type array, string given, called in C:\xampp\htdocs\wordpress\wp-content\plugins\elementor\core\base\document.php on line 811 and defined in C:\xampp\htdocs\wordpress\wp-content\plugins\elementor\includes\managers\elements.php:68
Stack trace:
#0 C:\xampp\htdocs\wordpress\wp-content\plugins\elementor\core\base\document.php(811): Elementor\Elements_Manager->create_element_instance('Array')
#1 C:\xampp\htdocs\wordpress\wp-content\plugins\astra-sites\inc\importers\batch-processing\class-astra-sites-batch-processing-elementor.php(121): Elementor\Core\Base\Document->get_elements_raw_data(Array, true)
#2 C:\xampp\htdocs\wordpress\wp-content\plugins\astra-sites\inc\importers\batch-processing\class-astra-sites-batch-processing-elementor.php(66): Elementor\TemplateLibrary\Astra_Sites_Batch_Processing_Elementor->import_single_post(4334)
#3 C:\xampp\htdocs\wordpress\wp-content\plugins\astra-sites\inc\importers\batch-processing\helpers\class-wp-background-process-astra.php(41): Elementor\TemplateLibrary\Astra_Sites_Batch_Processing_Elementor->import()
#4 C:\xampp\htdocs\wordpress\wp-content\plugins\woocommerce\includes\libraries\wp-background-process.php(301): WP_Background_Process_Astra->task(Object(Elementor\TemplateLibrary\Astra_Sites_Batch_Processing_Elementor))
#5 C:\xampp\htdocs\wordpress\wp-content\plugins\woocommerce\includes\libraries\wp-background-process.php(447): WP_Background_Process->handle()
#6 C:\xampp\htdocs\wordpress\wp-includes\class-wp-hook.php(292): WP_Background_Process->handle_cron_healthcheck()
#7 C:\xampp\htdocs\wordpress\wp-includes\class-wp-hook.php(316): WP_Hook->apply_filters('', Array)
#8 C:\xampp\htdocs\wordpress\wp-includes\plugin.php(551): WP_Hook->do_action(Array)
#9 C:\xampp\htdocs\wordpress\wp-cron.php(138): do_action_ref_array('wp_image_proces...', Array)
#10 {main}
  thrown in C:\xampp\htdocs\wordpress\wp-content\plugins\elementor\includes\managers\elements.php on line 68

2021-06-22T11:56:14+00:00 CRITICAL Uncaught TypeError: Elementor\Elements_Manager::create_element_instance(): Argument #1 ($element_data) must be of type array, string given, called in C:\xampp\htdocs\wordpress\wp-content\plugins\elementor\core\base\document.php on line 811 and defined in C:\xampp\htdocs\wordpress\wp-content\plugins\elementor\includes\managers\elements.php:68
Stack trace:
#0 C:\xampp\htdocs\wordpress\wp-content\plugins\elementor\core\base\document.php(811): Elementor\Elements_Manager->create_element_instance('Array')
#1 C:\xampp\htdocs\wordpress\wp-content\plugins\astra-sites\inc\importers\batch-processing\class-astra-sites-batch-processing-elementor.php(121): Elementor\Core\Base\Document->get_elements_raw_data(Array, true)
#2 C:\xampp\htdocs\wordpress\wp-content\plugins\astra-sites\inc\importers\batch-processing\class-astra-sites-batch-processing-elementor.php(66): Elementor\TemplateLibrary\Astra_Sites_Batch_Processing_Elementor->import_single_post(4334)
#3 C:\xampp\htdocs\wordpress\wp-content\plugins\astra-sites\inc\importers\batch-processing\helpers\class-wp-background-process-astra.php(41): Elementor\TemplateLibrary\Astra_Sites_Batch_Processing_Elementor->import()
#4 C:\xampp\htdocs\wordpress\wp-content\plugins\woocommerce\includes\libraries\wp-background-process.php(301): WP_Background_Process_Astra->task(Object(Elementor\TemplateLibrary\Astra_Sites_Batch_Processing_Elementor))
#5 C:\xampp\htdocs\wordpress\wp-content\plugins\woocommerce\includes\libraries\wp-background-process.php(447): WP_Background_Process->handle()
#6 C:\xampp\htdocs\wordpress\wp-includes\class-wp-hook.php(292): WP_Background_Process->handle_cron_healthcheck()
#7 C:\xampp\htdocs\wordpress\wp-includes\class-wp-hook.php(316): WP_Hook->apply_filters('', Array)
#8 C:\xampp\htdocs\wordpress\wp-includes\plugin.php(551): WP_Hook->do_action(Array)
#9 C:\xampp\htdocs\wordpress\wp-cron.php(138): do_action_ref_array('wp_image_proces...', Array)
#10 {main}
  thrown in C:\xampp\htdocs\wordpress\wp-content\plugins\elementor\includes\managers\elements.php on line 68

2021-06-22T12:01:01+00:00 CRITICAL Uncaught TypeError: Elementor\Elements_Manager::create_element_instance(): Argument #1 ($element_data) must be of type array, string given, called in C:\xampp\htdocs\wordpress\wp-content\plugins\elementor\core\base\document.php on line 811 and defined in C:\xampp\htdocs\wordpress\wp-content\plugins\elementor\includes\managers\elements.php:68
Stack trace:
#0 C:\xampp\htdocs\wordpress\wp-content\plugins\elementor\core\base\document.php(811): Elementor\Elements_Manager->create_element_instance('Array')
#1 C:\xampp\htdocs\wordpress\wp-content\plugins\astra-sites\inc\importers\batch-processing\class-astra-sites-batch-processing-elementor.php(121): Elementor\Core\Base\Document->get_elements_raw_data(Array, true)
#2 C:\xampp\htdocs\wordpress\wp-content\plugins\astra-sites\inc\importers\batch-processing\class-astra-sites-batch-processing-elementor.php(66): Elementor\TemplateLibrary\Astra_Sites_Batch_Processing_Elementor->import_single_post(4334)
#3 C:\xampp\htdocs\wordpress\wp-content\plugins\astra-sites\inc\importers\batch-processing\helpers\class-wp-background-process-astra.php(41): Elementor\TemplateLibrary\Astra_Sites_Batch_Processing_Elementor->import()
#4 C:\xampp\htdocs\wordpress\wp-content\plugins\woocommerce\includes\libraries\wp-background-process.php(301): WP_Background_Process_Astra->task(Object(Elementor\TemplateLibrary\Astra_Sites_Batch_Processing_Elementor))
#5 C:\xampp\htdocs\wordpress\wp-content\plugins\woocommerce\includes\libraries\wp-background-process.php(447): WP_Background_Process->handle()
#6 C:\xampp\htdocs\wordpress\wp-includes\class-wp-hook.php(292): WP_Background_Process->handle_cron_healthcheck()
#7 C:\xampp\htdocs\wordpress\wp-includes\class-wp-hook.php(316): WP_Hook->apply_filters('', Array)
#8 C:\xampp\htdocs\wordpress\wp-includes\plugin.php(551): WP_Hook->do_action(Array)
#9 C:\xampp\htdocs\wordpress\wp-cron.php(138): do_action_ref_array('wp_image_proces...', Array)
#10 {main}
  thrown in C:\xampp\htdocs\wordpress\wp-content\plugins\elementor\includes\managers\elements.php on line 68

2021-06-22T12:06:05+00:00 CRITICAL Uncaught TypeError: Elementor\Elements_Manager::create_element_instance(): Argument #1 ($element_data) must be of type array, string given, called in C:\xampp\htdocs\wordpress\wp-content\plugins\elementor\core\base\document.php on line 811 and defined in C:\xampp\htdocs\wordpress\wp-content\plugins\elementor\includes\managers\elements.php:68
Stack trace:
#0 C:\xampp\htdocs\wordpress\wp-content\plugins\elementor\core\base\document.php(811): Elementor\Elements_Manager->create_element_instance('Array')
#1 C:\xampp\htdocs\wordpress\wp-content\plugins\astra-sites\inc\importers\batch-processing\class-astra-sites-batch-processing-elementor.php(121): Elementor\Core\Base\Document->get_elements_raw_data(Array, true)
#2 C:\xampp\htdocs\wordpress\wp-content\plugins\astra-sites\inc\importers\batch-processing\class-astra-sites-batch-processing-elementor.php(66): Elementor\TemplateLibrary\Astra_Sites_Batch_Processing_Elementor->import_single_post(4334)
#3 C:\xampp\htdocs\wordpress\wp-content\plugins\astra-sites\inc\importers\batch-processing\helpers\class-wp-background-process-astra.php(41): Elementor\TemplateLibrary\Astra_Sites_Batch_Processing_Elementor->import()
#4 C:\xampp\htdocs\wordpress\wp-content\plugins\woocommerce\includes\libraries\wp-background-process.php(301): WP_Background_Process_Astra->task(Object(Elementor\TemplateLibrary\Astra_Sites_Batch_Processing_Elementor))
#5 C:\xampp\htdocs\wordpress\wp-content\plugins\woocommerce\includes\libraries\wp-background-process.php(447): WP_Background_Process->handle()
#6 C:\xampp\htdocs\wordpress\wp-includes\class-wp-hook.php(292): WP_Background_Process->handle_cron_healthcheck()
#7 C:\xampp\htdocs\wordpress\wp-includes\class-wp-hook.php(316): WP_Hook->apply_filters('', Array)
#8 C:\xampp\htdocs\wordpress\wp-includes\plugin.php(551): WP_Hook->do_action(Array)
#9 C:\xampp\htdocs\wordpress\wp-cron.php(138): do_action_ref_array('wp_image_proces...', Array)
#10 {main}
  thrown in C:\xampp\htdocs\wordpress\wp-content\plugins\elementor\includes\managers\elements.php on line 68

2021-06-22T12:11:12+00:00 CRITICAL Uncaught TypeError: Elementor\Elements_Manager::create_element_instance(): Argument #1 ($element_data) must be of type array, string given, called in C:\xampp\htdocs\wordpress\wp-content\plugins\elementor\core\base\document.php on line 811 and defined in C:\xampp\htdocs\wordpress\wp-content\plugins\elementor\includes\managers\elements.php:68
Stack trace:
#0 C:\xampp\htdocs\wordpress\wp-content\plugins\elementor\core\base\document.php(811): Elementor\Elements_Manager->create_element_instance('Array')
#1 C:\xampp\htdocs\wordpress\wp-content\plugins\astra-sites\inc\importers\batch-processing\class-astra-sites-batch-processing-elementor.php(121): Elementor\Core\Base\Document->get_elements_raw_data(Array, true)
#2 C:\xampp\htdocs\wordpress\wp-content\plugins\astra-sites\inc\importers\batch-processing\class-astra-sites-batch-processing-elementor.php(66): Elementor\TemplateLibrary\Astra_Sites_Batch_Processing_Elementor->import_single_post(4334)
#3 C:\xampp\htdocs\wordpress\wp-content\plugins\astra-sites\inc\importers\batch-processing\helpers\class-wp-background-process-astra.php(41): Elementor\TemplateLibrary\Astra_Sites_Batch_Processing_Elementor->import()
#4 C:\xampp\htdocs\wordpress\wp-content\plugins\woocommerce\includes\libraries\wp-background-process.php(301): WP_Background_Process_Astra->task(Object(Elementor\TemplateLibrary\Astra_Sites_Batch_Processing_Elementor))
#5 C:\xampp\htdocs\wordpress\wp-content\plugins\woocommerce\includes\libraries\wp-background-process.php(447): WP_Background_Process->handle()
#6 C:\xampp\htdocs\wordpress\wp-includes\class-wp-hook.php(292): WP_Background_Process->handle_cron_healthcheck()
#7 C:\xampp\htdocs\wordpress\wp-includes\class-wp-hook.php(316): WP_Hook->apply_filters('', Array)
#8 C:\xampp\htdocs\wordpress\wp-includes\plugin.php(551): WP_Hook->do_action(Array)
#9 C:\xampp\htdocs\wordpress\wp-cron.php(138): do_action_ref_array('wp_image_proces...', Array)
#10 {main}
  thrown in C:\xampp\htdocs\wordpress\wp-content\plugins\elementor\includes\managers\elements.php on line 68

2021-06-22T12:15:58+00:00 CRITICAL Uncaught TypeError: Elementor\Elements_Manager::create_element_instance(): Argument #1 ($element_data) must be of type array, string given, called in C:\xampp\htdocs\wordpress\wp-content\plugins\elementor\core\base\document.php on line 811 and defined in C:\xampp\htdocs\wordpress\wp-content\plugins\elementor\includes\managers\elements.php:68
Stack trace:
#0 C:\xampp\htdocs\wordpress\wp-content\plugins\elementor\core\base\document.php(811): Elementor\Elements_Manager->create_element_instance('Array')
#1 C:\xampp\htdocs\wordpress\wp-content\plugins\astra-sites\inc\importers\batch-processing\class-astra-sites-batch-processing-elementor.php(121): Elementor\Core\Base\Document->get_elements_raw_data(Array, true)
#2 C:\xampp\htdocs\wordpress\wp-content\plugins\astra-sites\inc\importers\batch-processing\class-astra-sites-batch-processing-elementor.php(66): Elementor\TemplateLibrary\Astra_Sites_Batch_Processing_Elementor->import_single_post(4334)
#3 C:\xampp\htdocs\wordpress\wp-content\plugins\astra-sites\inc\importers\batch-processing\helpers\class-wp-background-process-astra.php(41): Elementor\TemplateLibrary\Astra_Sites_Batch_Processing_Elementor->import()
#4 C:\xampp\htdocs\wordpress\wp-content\plugins\woocommerce\includes\libraries\wp-background-process.php(301): WP_Background_Process_Astra->task(Object(Elementor\TemplateLibrary\Astra_Sites_Batch_Processing_Elementor))
#5 C:\xampp\htdocs\wordpress\wp-content\plugins\woocommerce\includes\libraries\wp-background-process.php(447): WP_Background_Process->handle()
#6 C:\xampp\htdocs\wordpress\wp-includes\class-wp-hook.php(292): WP_Background_Process->handle_cron_healthcheck()
#7 C:\xampp\htdocs\wordpress\wp-includes\class-wp-hook.php(316): WP_Hook->apply_filters('', Array)
#8 C:\xampp\htdocs\wordpress\wp-includes\plugin.php(551): WP_Hook->do_action(Array)
#9 C:\xampp\htdocs\wordpress\wp-cron.php(138): do_action_ref_array('wp_image_proces...', Array)
#10 {main}
  thrown in C:\xampp\htdocs\wordpress\wp-content\plugins\elementor\includes\managers\elements.php on line 68

2021-06-22T12:18:45+00:00 CRITICAL Uncaught Error: Unknown named parameter $tasks_meta_id in C:\xampp\htdocs\wordpress\wp-includes\class-wp-hook.php:292
Stack trace:
#0 C:\xampp\htdocs\wordpress\wp-includes\class-wp-hook.php(316): WP_Hook->apply_filters('', Array)
#1 C:\xampp\htdocs\wordpress\wp-includes\plugin.php(551): WP_Hook->do_action(Array)
#2 C:\xampp\htdocs\wordpress\wp-content\plugins\woocommerce\packages\action-scheduler\classes\actions\ActionScheduler_Action.php(22): do_action_ref_array('wpforms_admin_n...', Array)
#3 C:\xampp\htdocs\wordpress\wp-content\plugins\woocommerce\packages\action-scheduler\classes\abstracts\ActionScheduler_Abstract_QueueRunner.php(65): ActionScheduler_Action->execute()
#4 C:\xampp\htdocs\wordpress\wp-content\plugins\woocommerce\packages\action-scheduler\classes\ActionScheduler_QueueRunner.php(162): ActionScheduler_Abstract_QueueRunner->process_action(405, 'WP Cron')
#5 C:\xampp\htdocs\wordpress\wp-content\plugins\woocommerce\packages\action-scheduler\classes\ActionScheduler_QueueRunner.php(132): ActionScheduler_QueueRunner->do_batch(25, 'WP Cron')
#6 C:\xampp\htdocs\wordpress\wp-includes\class-wp-hook.php(292): ActionScheduler_QueueRunner->run('WP Cron')
#7 C:\xampp\htdocs\wordpress\wp-includes\class-wp-hook.php(316): WP_Hook->apply_filters('', Array)
#8 C:\xampp\htdocs\wordpress\wp-includes\plugin.php(551): WP_Hook->do_action(Array)
#9 C:\xampp\htdocs\wordpress\wp-cron.php(138): do_action_ref_array('action_schedule...', Array)
#10 {main}
  thrown in C:\xampp\htdocs\wordpress\wp-includes\class-wp-hook.php on line 292

2021-06-22T12:21:02+00:00 CRITICAL Uncaught TypeError: Elementor\Elements_Manager::create_element_instance(): Argument #1 ($element_data) must be of type array, string given, called in C:\xampp\htdocs\wordpress\wp-content\plugins\elementor\core\base\document.php on line 811 and defined in C:\xampp\htdocs\wordpress\wp-content\plugins\elementor\includes\managers\elements.php:68
Stack trace:
#0 C:\xampp\htdocs\wordpress\wp-content\plugins\elementor\core\base\document.php(811): Elementor\Elements_Manager->create_element_instance('Array')
#1 C:\xampp\htdocs\wordpress\wp-content\plugins\astra-sites\inc\importers\batch-processing\class-astra-sites-batch-processing-elementor.php(121): Elementor\Core\Base\Document->get_elements_raw_data(Array, true)
#2 C:\xampp\htdocs\wordpress\wp-content\plugins\astra-sites\inc\importers\batch-processing\class-astra-sites-batch-processing-elementor.php(66): Elementor\TemplateLibrary\Astra_Sites_Batch_Processing_Elementor->import_single_post(4334)
#3 C:\xampp\htdocs\wordpress\wp-content\plugins\astra-sites\inc\importers\batch-processing\helpers\class-wp-background-process-astra.php(41): Elementor\TemplateLibrary\Astra_Sites_Batch_Processing_Elementor->import()
#4 C:\xampp\htdocs\wordpress\wp-content\plugins\woocommerce\includes\libraries\wp-background-process.php(301): WP_Background_Process_Astra->task(Object(Elementor\TemplateLibrary\Astra_Sites_Batch_Processing_Elementor))
#5 C:\xampp\htdocs\wordpress\wp-content\plugins\woocommerce\includes\libraries\wp-background-process.php(447): WP_Background_Process->handle()
#6 C:\xampp\htdocs\wordpress\wp-includes\class-wp-hook.php(292): WP_Background_Process->handle_cron_healthcheck()
#7 C:\xampp\htdocs\wordpress\wp-includes\class-wp-hook.php(316): WP_Hook->apply_filters('', Array)
#8 C:\xampp\htdocs\wordpress\wp-includes\plugin.php(551): WP_Hook->do_action(Array)
#9 C:\xampp\htdocs\wordpress\wp-cron.php(138): do_action_ref_array('wp_image_proces...', Array)
#10 {main}
  thrown in C:\xampp\htdocs\wordpress\wp-content\plugins\elementor\includes\managers\elements.php on line 68

2021-06-22T12:25:58+00:00 CRITICAL Uncaught TypeError: Elementor\Elements_Manager::create_element_instance(): Argument #1 ($element_data) must be of type array, string given, called in C:\xampp\htdocs\wordpress\wp-content\plugins\elementor\core\base\document.php on line 811 and defined in C:\xampp\htdocs\wordpress\wp-content\plugins\elementor\includes\managers\elements.php:68
Stack trace:
#0 C:\xampp\htdocs\wordpress\wp-content\plugins\elementor\core\base\document.php(811): Elementor\Elements_Manager->create_element_instance('Array')
#1 C:\xampp\htdocs\wordpress\wp-content\plugins\astra-sites\inc\importers\batch-processing\class-astra-sites-batch-processing-elementor.php(121): Elementor\Core\Base\Document->get_elements_raw_data(Array, true)
#2 C:\xampp\htdocs\wordpress\wp-content\plugins\astra-sites\inc\importers\batch-processing\class-astra-sites-batch-processing-elementor.php(66): Elementor\TemplateLibrary\Astra_Sites_Batch_Processing_Elementor->import_single_post(4334)
#3 C:\xampp\htdocs\wordpress\wp-content\plugins\astra-sites\inc\importers\batch-processing\helpers\class-wp-background-process-astra.php(41): Elementor\TemplateLibrary\Astra_Sites_Batch_Processing_Elementor->import()
#4 C:\xampp\htdocs\wordpress\wp-content\plugins\woocommerce\includes\libraries\wp-background-process.php(301): WP_Background_Process_Astra->task(Object(Elementor\TemplateLibrary\Astra_Sites_Batch_Processing_Elementor))
#5 C:\xampp\htdocs\wordpress\wp-content\plugins\woocommerce\includes\libraries\wp-background-process.php(447): WP_Background_Process->handle()
#6 C:\xampp\htdocs\wordpress\wp-includes\class-wp-hook.php(292): WP_Background_Process->handle_cron_healthcheck()
#7 C:\xampp\htdocs\wordpress\wp-includes\class-wp-hook.php(316): WP_Hook->apply_filters('', Array)
#8 C:\xampp\htdocs\wordpress\wp-includes\plugin.php(551): WP_Hook->do_action(Array)
#9 C:\xampp\htdocs\wordpress\wp-cron.php(138): do_action_ref_array('wp_image_proces...', Array)
#10 {main}
  thrown in C:\xampp\htdocs\wordpress\wp-content\plugins\elementor\includes\managers\elements.php on line 68

2021-06-22T12:28:44+00:00 CRITICAL Uncaught Error: Unknown named parameter $tasks_meta_id in C:\xampp\htdocs\wordpress\wp-includes\class-wp-hook.php:292
Stack trace:
#0 C:\xampp\htdocs\wordpress\wp-includes\class-wp-hook.php(316): WP_Hook->apply_filters('', Array)
#1 C:\xampp\htdocs\wordpress\wp-includes\plugin.php(551): WP_Hook->do_action(Array)
#2 C:\xampp\htdocs\wordpress\wp-content\plugins\woocommerce\packages\action-scheduler\classes\actions\ActionScheduler_Action.php(22): do_action_ref_array('wpforms_admin_n...', Array)
#3 C:\xampp\htdocs\wordpress\wp-content\plugins\woocommerce\packages\action-scheduler\classes\abstracts\ActionScheduler_Abstract_QueueRunner.php(65): ActionScheduler_Action->execute()
#4 C:\xampp\htdocs\wordpress\wp-content\plugins\woocommerce\packages\action-scheduler\classes\ActionScheduler_QueueRunner.php(162): ActionScheduler_Abstract_QueueRunner->process_action(406, 'WP Cron')
#5 C:\xampp\htdocs\wordpress\wp-content\plugins\woocommerce\packages\action-scheduler\classes\ActionScheduler_QueueRunner.php(132): ActionScheduler_QueueRunner->do_batch(25, 'WP Cron')
#6 C:\xampp\htdocs\wordpress\wp-includes\class-wp-hook.php(292): ActionScheduler_QueueRunner->run('WP Cron')
#7 C:\xampp\htdocs\wordpress\wp-includes\class-wp-hook.php(316): WP_Hook->apply_filters('', Array)
#8 C:\xampp\htdocs\wordpress\wp-includes\plugin.php(551): WP_Hook->do_action(Array)
#9 C:\xampp\htdocs\wordpress\wp-cron.php(138): do_action_ref_array('action_schedule...', Array)
#10 {main}
  thrown in C:\xampp\htdocs\wordpress\wp-includes\class-wp-hook.php on line 292

2021-06-22T12:29:35+00:00 CRITICAL Uncaught Error: Unknown named parameter $tasks_meta_id in C:\xampp\htdocs\wordpress\wp-includes\class-wp-hook.php:292
Stack trace:
#0 C:\xampp\htdocs\wordpress\wp-includes\class-wp-hook.php(316): WP_Hook->apply_filters('', Array)
#1 C:\xampp\htdocs\wordpress\wp-includes\plugin.php(551): WP_Hook->do_action(Array)
#2 C:\xampp\htdocs\wordpress\wp-content\plugins\woocommerce\packages\action-scheduler\classes\actions\ActionScheduler_Action.php(22): do_action_ref_array('wpforms_admin_n...', Array)
#3 C:\xampp\htdocs\wordpress\wp-content\plugins\woocommerce\packages\action-scheduler\classes\abstracts\ActionScheduler_Abstract_QueueRunner.php(65): ActionScheduler_Action->execute()
#4 C:\xampp\htdocs\wordpress\wp-content\plugins\woocommerce\packages\action-scheduler\classes\ActionScheduler_QueueRunner.php(162): ActionScheduler_Abstract_QueueRunner->process_action(407, 'Async Request')
#5 C:\xampp\htdocs\wordpress\wp-content\plugins\woocommerce\packages\action-scheduler\classes\ActionScheduler_QueueRunner.php(132): ActionScheduler_QueueRunner->do_batch(25, 'Async Request')
#6 C:\xampp\htdocs\wordpress\wp-includes\class-wp-hook.php(292): ActionScheduler_QueueRunner->run('Async Request')
#7 C:\xampp\htdocs\wordpress\wp-includes\class-wp-hook.php(316): WP_Hook->apply_filters('', Array)
#8 C:\xampp\htdocs\wordpress\wp-includes\plugin.php(484): WP_Hook->do_action(Array)
#9 C:\xampp\htdocs\wordpress\wp-content\plugins\woocommerce\packages\action-scheduler\classes\ActionScheduler_AsyncRequest_QueueRunner.php(52): do_action('action_schedule...', 'Async Request')
#10 C:\xampp\htdocs\wordpress\wp-content\plugins\woocommerce\includes\libraries\wp-async-request.php(147): ActionScheduler_AsyncRequest_QueueRunner->handle()
#11 C:\xampp\htdocs\wordpress\wp-includes\class-wp-hook.php(292): WP_Async_Request->maybe_handle('')
#12 C:\xampp\htdocs\wordpress\wp-includes\class-wp-hook.php(316): WP_Hook->apply_filters('', Array)
#13 C:\xampp\htdocs\wordpress\wp-includes\plugin.php(484): WP_Hook->do_action(Array)
#14 C:\xampp\htdocs\wordpress\wp-admin\admin-ajax.php(187): do_action('wp_ajax_as_asyn...')
#15 {main}
  thrown in C:\xampp\htdocs\wordpress\wp-includes\class-wp-hook.php on line 292

2021-06-22T12:31:07+00:00 CRITICAL Uncaught TypeError: Elementor\Elements_Manager::create_element_instance(): Argument #1 ($element_data) must be of type array, string given, called in C:\xampp\htdocs\wordpress\wp-content\plugins\elementor\core\base\document.php on line 811 and defined in C:\xampp\htdocs\wordpress\wp-content\plugins\elementor\includes\managers\elements.php:68
Stack trace:
#0 C:\xampp\htdocs\wordpress\wp-content\plugins\elementor\core\base\document.php(811): Elementor\Elements_Manager->create_element_instance('Array')
#1 C:\xampp\htdocs\wordpress\wp-content\plugins\astra-sites\inc\importers\batch-processing\class-astra-sites-batch-processing-elementor.php(121): Elementor\Core\Base\Document->get_elements_raw_data(Array, true)
#2 C:\xampp\htdocs\wordpress\wp-content\plugins\astra-sites\inc\importers\batch-processing\class-astra-sites-batch-processing-elementor.php(66): Elementor\TemplateLibrary\Astra_Sites_Batch_Processing_Elementor->import_single_post(4334)
#3 C:\xampp\htdocs\wordpress\wp-content\plugins\astra-sites\inc\importers\batch-processing\helpers\class-wp-background-process-astra.php(41): Elementor\TemplateLibrary\Astra_Sites_Batch_Processing_Elementor->import()
#4 C:\xampp\htdocs\wordpress\wp-content\plugins\woocommerce\includes\libraries\wp-background-process.php(301): WP_Background_Process_Astra->task(Object(Elementor\TemplateLibrary\Astra_Sites_Batch_Processing_Elementor))
#5 C:\xampp\htdocs\wordpress\wp-content\plugins\woocommerce\includes\libraries\wp-background-process.php(447): WP_Background_Process->handle()
#6 C:\xampp\htdocs\wordpress\wp-includes\class-wp-hook.php(292): WP_Background_Process->handle_cron_healthcheck()
#7 C:\xampp\htdocs\wordpress\wp-includes\class-wp-hook.php(316): WP_Hook->apply_filters('', Array)
#8 C:\xampp\htdocs\wordpress\wp-includes\plugin.php(551): WP_Hook->do_action(Array)
#9 C:\xampp\htdocs\wordpress\wp-cron.php(138): do_action_ref_array('wp_image_proces...', Array)
#10 {main}
  thrown in C:\xampp\htdocs\wordpress\wp-content\plugins\elementor\includes\managers\elements.php on line 68

2021-06-22T12:41:52+00:00 CRITICAL Uncaught TypeError: Elementor\Elements_Manager::create_element_instance(): Argument #1 ($element_data) must be of type array, string given, called in C:\xampp\htdocs\wordpress\wp-content\plugins\elementor\core\base\document.php on line 811 and defined in C:\xampp\htdocs\wordpress\wp-content\plugins\elementor\includes\managers\elements.php:68
Stack trace:
#0 C:\xampp\htdocs\wordpress\wp-content\plugins\elementor\core\base\document.php(811): Elementor\Elements_Manager->create_element_instance('Array')
#1 C:\xampp\htdocs\wordpress\wp-content\plugins\astra-sites\inc\importers\batch-processing\class-astra-sites-batch-processing-elementor.php(121): Elementor\Core\Base\Document->get_elements_raw_data(Array, true)
#2 C:\xampp\htdocs\wordpress\wp-content\plugins\astra-sites\inc\importers\batch-processing\class-astra-sites-batch-processing-elementor.php(66): Elementor\TemplateLibrary\Astra_Sites_Batch_Processing_Elementor->import_single_post(4334)
#3 C:\xampp\htdocs\wordpress\wp-content\plugins\astra-sites\inc\importers\batch-processing\helpers\class-wp-background-process-astra.php(41): Elementor\TemplateLibrary\Astra_Sites_Batch_Processing_Elementor->import()
#4 C:\xampp\htdocs\wordpress\wp-content\plugins\woocommerce\includes\libraries\wp-background-process.php(301): WP_Background_Process_Astra->task(Object(Elementor\TemplateLibrary\Astra_Sites_Batch_Processing_Elementor))
#5 C:\xampp\htdocs\wordpress\wp-content\plugins\woocommerce\includes\libraries\wp-background-process.php(447): WP_Background_Process->handle()
#6 C:\xampp\htdocs\wordpress\wp-includes\class-wp-hook.php(292): WP_Background_Process->handle_cron_healthcheck()
#7 C:\xampp\htdocs\wordpress\wp-includes\class-wp-hook.php(316): WP_Hook->apply_filters('', Array)
#8 C:\xampp\htdocs\wordpress\wp-includes\plugin.php(551): WP_Hook->do_action(Array)
#9 C:\xampp\htdocs\wordpress\wp-cron.php(138): do_action_ref_array('wp_image_proces...', Array)
#10 {main}
  thrown in C:\xampp\htdocs\wordpress\wp-content\plugins\elementor\includes\managers\elements.php on line 68

2021-06-22T13:36:16+00:00 CRITICAL Uncaught Error: Unknown named parameter $tasks_meta_id in C:\xampp\htdocs\wordpress\wp-includes\class-wp-hook.php:292
Stack trace:
#0 C:\xampp\htdocs\wordpress\wp-includes\class-wp-hook.php(316): WP_Hook->apply_filters('', Array)
#1 C:\xampp\htdocs\wordpress\wp-includes\plugin.php(551): WP_Hook->do_action(Array)
#2 C:\xampp\htdocs\wordpress\wp-content\plugins\woocommerce\packages\action-scheduler\classes\actions\ActionScheduler_Action.php(22): do_action_ref_array('wpforms_email_s...', Array)
#3 C:\xampp\htdocs\wordpress\wp-content\plugins\woocommerce\packages\action-scheduler\classes\abstracts\ActionScheduler_Abstract_QueueRunner.php(65): ActionScheduler_Action->execute()
#4 C:\xampp\htdocs\wordpress\wp-content\plugins\woocommerce\packages\action-scheduler\classes\ActionScheduler_QueueRunner.php(162): ActionScheduler_Abstract_QueueRunner->process_action(404, 'WP Cron')
#5 C:\xampp\htdocs\wordpress\wp-content\plugins\woocommerce\packages\action-scheduler\classes\ActionScheduler_QueueRunner.php(132): ActionScheduler_QueueRunner->do_batch(25, 'WP Cron')
#6 C:\xampp\htdocs\wordpress\wp-includes\class-wp-hook.php(292): ActionScheduler_QueueRunner->run('WP Cron')
#7 C:\xampp\htdocs\wordpress\wp-includes\class-wp-hook.php(316): WP_Hook->apply_filters('', Array)
#8 C:\xampp\htdocs\wordpress\wp-includes\plugin.php(551): WP_Hook->do_action(Array)
#9 C:\xampp\htdocs\wordpress\wp-cron.php(138): do_action_ref_array('action_schedule...', Array)
#10 {main}
  thrown in C:\xampp\htdocs\wordpress\wp-includes\class-wp-hook.php on line 292

2021-06-22T13:36:27+00:00 CRITICAL Uncaught Error: Unknown named parameter $tasks_meta_id in C:\xampp\htdocs\wordpress\wp-includes\class-wp-hook.php:292
Stack trace:
#0 C:\xampp\htdocs\wordpress\wp-includes\class-wp-hook.php(316): WP_Hook->apply_filters('', Array)
#1 C:\xampp\htdocs\wordpress\wp-includes\plugin.php(551): WP_Hook->do_action(Array)
#2 C:\xampp\htdocs\wordpress\wp-content\plugins\woocommerce\packages\action-scheduler\classes\actions\ActionScheduler_Action.php(22): do_action_ref_array('wpforms_admin_n...', Array)
#3 C:\xampp\htdocs\wordpress\wp-content\plugins\woocommerce\packages\action-scheduler\classes\abstracts\ActionScheduler_Abstract_QueueRunner.php(65): ActionScheduler_Action->execute()
#4 C:\xampp\htdocs\wordpress\wp-content\plugins\woocommerce\packages\action-scheduler\classes\ActionScheduler_QueueRunner.php(162): ActionScheduler_Abstract_QueueRunner->process_action(408, 'Async Request')
#5 C:\xampp\htdocs\wordpress\wp-content\plugins\woocommerce\packages\action-scheduler\classes\ActionScheduler_QueueRunner.php(132): ActionScheduler_QueueRunner->do_batch(25, 'Async Request')
#6 C:\xampp\htdocs\wordpress\wp-includes\class-wp-hook.php(292): ActionScheduler_QueueRunner->run('Async Request')
#7 C:\xampp\htdocs\wordpress\wp-includes\class-wp-hook.php(316): WP_Hook->apply_filters('', Array)
#8 C:\xampp\htdocs\wordpress\wp-includes\plugin.php(484): WP_Hook->do_action(Array)
#9 C:\xampp\htdocs\wordpress\wp-content\plugins\woocommerce\packages\action-scheduler\classes\ActionScheduler_AsyncRequest_QueueRunner.php(52): do_action('action_schedule...', 'Async Request')
#10 C:\xampp\htdocs\wordpress\wp-content\plugins\woocommerce\includes\libraries\wp-async-request.php(147): ActionScheduler_AsyncRequest_QueueRunner->handle()
#11 C:\xampp\htdocs\wordpress\wp-includes\class-wp-hook.php(292): WP_Async_Request->maybe_handle('')
#12 C:\xampp\htdocs\wordpress\wp-includes\class-wp-hook.php(316): WP_Hook->apply_filters('', Array)
#13 C:\xampp\htdocs\wordpress\wp-includes\plugin.php(484): WP_Hook->do_action(Array)
#14 C:\xampp\htdocs\wordpress\wp-admin\admin-ajax.php(187): do_action('wp_ajax_as_asyn...')
#15 {main}
  thrown in C:\xampp\htdocs\wordpress\wp-includes\class-wp-hook.php on line 292

2021-06-22T13:37:30+00:00 CRITICAL Uncaught TypeError: Elementor\Elements_Manager::create_element_instance(): Argument #1 ($element_data) must be of type array, string given, called in C:\xampp\htdocs\wordpress\wp-content\plugins\elementor\core\base\document.php on line 811 and defined in C:\xampp\htdocs\wordpress\wp-content\plugins\elementor\includes\managers\elements.php:68
Stack trace:
#0 C:\xampp\htdocs\wordpress\wp-content\plugins\elementor\core\base\document.php(811): Elementor\Elements_Manager->create_element_instance('Array')
#1 C:\xampp\htdocs\wordpress\wp-content\plugins\astra-sites\inc\importers\batch-processing\class-astra-sites-batch-processing-elementor.php(121): Elementor\Core\Base\Document->get_elements_raw_data(Array, true)
#2 C:\xampp\htdocs\wordpress\wp-content\plugins\astra-sites\inc\importers\batch-processing\class-astra-sites-batch-processing-elementor.php(66): Elementor\TemplateLibrary\Astra_Sites_Batch_Processing_Elementor->import_single_post(4334)
#3 C:\xampp\htdocs\wordpress\wp-content\plugins\astra-sites\inc\importers\batch-processing\helpers\class-wp-background-process-astra.php(41): Elementor\TemplateLibrary\Astra_Sites_Batch_Processing_Elementor->import()
#4 C:\xampp\htdocs\wordpress\wp-content\plugins\woocommerce\includes\libraries\wp-background-process.php(301): WP_Background_Process_Astra->task(Object(Elementor\TemplateLibrary\Astra_Sites_Batch_Processing_Elementor))
#5 C:\xampp\htdocs\wordpress\wp-content\plugins\woocommerce\includes\libraries\wp-background-process.php(447): WP_Background_Process->handle()
#6 C:\xampp\htdocs\wordpress\wp-includes\class-wp-hook.php(292): WP_Background_Process->handle_cron_healthcheck()
#7 C:\xampp\htdocs\wordpress\wp-includes\class-wp-hook.php(316): WP_Hook->apply_filters('', Array)
#8 C:\xampp\htdocs\wordpress\wp-includes\plugin.php(551): WP_Hook->do_action(Array)
#9 C:\xampp\htdocs\wordpress\wp-cron.php(138): do_action_ref_array('wp_image_proces...', Array)
#10 {main}
  thrown in C:\xampp\htdocs\wordpress\wp-content\plugins\elementor\includes\managers\elements.php on line 68

